{"logTime": "1114/053529", "correlationVector":"mTA5Oy1/GOw7ITz9hby7xo.90","action":"GetUpdates", "result":"DeleteReceived", "context":{"id":"c34716f9-3352-416c-b627-cd5817735816", "isDeleted:":"true", "version":"1729009975695"}}
{"logTime": "1114/053529", "correlationVector":"mTA5Oy1/GOw7ITz9hby7xo.91","action":"GetUpdates", "result":"DeleteReceived", "context":{"id":"cde54b5f-4c1e-422d-8a64-13b268c04469", "isDeleted:":"true", "version":"1729009975697"}}
{"logTime": "1114/053529", "correlationVector":"mTA5Oy1/GOw7ITz9hby7xo.92","action":"GetUpdates", "result":"DeleteReceived", "context":{"id":"6294548c-04cc-4bd6-8726-7c2957fe7d24", "isDeleted:":"true", "version":"1729009975698"}}
{"logTime": "1114/053529", "correlationVector":"mTA5Oy1/GOw7ITz9hby7xo.93","action":"GetUpdates", "result":"DeleteReceived", "context":{"id":"10488f1e-54bf-4378-8a98-3f38706b0af7", "isDeleted:":"true", "version":"1729009975700"}}
{"logTime": "1114/053529", "correlationVector":"mTA5Oy1/GOw7ITz9hby7xo.94","action":"GetUpdates", "result":"DeleteReceived", "context":{"id":"983ffdc0-f175-4c7f-94be-f9b50c310fb8", "isDeleted:":"true", "version":"1729009975701"}}
{"logTime": "1114/053529", "correlationVector":"mTA5Oy1/GOw7ITz9hby7xo.95","action":"GetUpdates", "result":"DeleteReceived", "context":{"id":"bca50077-c747-4dab-92a5-55903e83a4be", "isDeleted:":"true", "version":"1729009975702"}}
{"logTime": "1114/053529", "correlationVector":"mTA5Oy1/GOw7ITz9hby7xo.96","action":"GetUpdates", "result":"DeleteReceived", "context":{"id":"e38d0ab3-4fe1-483c-9ed6-ae25e03f8f6d", "isDeleted:":"true", "version":"1729009975703"}}
{"logTime": "1114/053529", "correlationVector":"mTA5Oy1/GOw7ITz9hby7xo.97","action":"GetUpdates", "result":"DeleteReceived", "context":{"id":"b3712110-9cf2-4402-af63-c89d29915e14", "isDeleted:":"true", "version":"1729009992656"}}
{"logTime": "1114/053529", "correlationVector":"mTA5Oy1/GOw7ITz9hby7xo.98","action":"GetUpdates", "result":"DeleteReceived", "context":{"id":"ebfb07ec-8b7e-4aae-bdd5-1abb08880b15", "isDeleted:":"true", "version":"1729011194423"}}
{"logTime": "1114/053529", "correlationVector":"mTA5Oy1/GOw7ITz9hby7xo.99","action":"GetUpdates", "result":"DeleteReceived", "context":{"id":"c5675e8e-1e8b-46e7-9abc-41a6590c3aa9", "isDeleted:":"true", "version":"1729011476039"}}
{"logTime": "1114/053529", "correlationVector":"mTA5Oy1/GOw7ITz9hby7xo.100","action":"GetUpdates", "result":"DeleteReceived", "context":{"id":"46324619-f3cb-4867-9be9-0a6d3939fc31", "isDeleted:":"true", "version":"1729011863497"}}
{"logTime": "1114/053529", "correlationVector":"mTA5Oy1/GOw7ITz9hby7xo.101","action":"GetUpdates", "result":"DeleteReceived", "context":{"id":"04e3f660-5a24-4885-8ddc-abd601498f7d", "isDeleted:":"true", "version":"1729011863498"}}
{"logTime": "1114/053529", "correlationVector":"mTA5Oy1/GOw7ITz9hby7xo.102","action":"GetUpdates", "result":"DeleteReceived", "context":{"id":"ec3835b1-012b-44bd-9c6c-73e2259acfa0", "isDeleted:":"true", "version":"1729011988861"}}
{"logTime": "1114/053529", "correlationVector":"mTA5Oy1/GOw7ITz9hby7xo.103","action":"GetUpdates", "result":"DeleteReceived", "context":{"id":"5645e836-e647-42b8-a51e-7760e394255b", "isDeleted:":"true", "version":"1729012168921"}}
{"logTime": "1114/053529", "correlationVector":"mTA5Oy1/GOw7ITz9hby7xo.104","action":"GetUpdates", "result":"DeleteReceived", "context":{"id":"664f6f78-dadf-4152-a998-9def2fbf5f95", "isDeleted:":"true", "version":"1729012168924"}}
{"logTime": "1114/053529", "correlationVector":"mTA5Oy1/GOw7ITz9hby7xo.105","action":"GetUpdates", "result":"DeleteReceived", "context":{"id":"003a337f-f263-4b6f-893e-35e3566428de", "isDeleted:":"true", "version":"1729012168925"}}
{"logTime": "1114/053529", "correlationVector":"mTA5Oy1/GOw7ITz9hby7xo.106","action":"GetUpdates", "result":"DeleteReceived", "context":{"id":"3b8e717c-3313-4c54-85bd-d0ca46b69c63", "isDeleted:":"true", "version":"1729012395923"}}
{"logTime": "1114/053529", "correlationVector":"mTA5Oy1/GOw7ITz9hby7xo.107","action":"GetUpdates", "result":"DeleteReceived", "context":{"id":"054c68d5-65ac-433f-a2a3-f5c4bf9b0535", "isDeleted:":"true", "version":"1729012395925"}}
{"logTime": "1114/053529", "correlationVector":"mTA5Oy1/GOw7ITz9hby7xo.108","action":"GetUpdates", "result":"DeleteReceived", "context":{"id":"ae143f80-437d-4a95-af26-4591ac4c792c", "isDeleted:":"true", "version":"1729012395926"}}
{"logTime": "1114/053529", "correlationVector":"mTA5Oy1/GOw7ITz9hby7xo.109","action":"GetUpdates", "result":"DeleteReceived", "context":{"id":"74986995-1646-44df-b418-056ebbe39ab7", "isDeleted:":"true", "version":"1729012395927"}}
{"logTime": "1114/053529", "correlationVector":"mTA5Oy1/GOw7ITz9hby7xo.110","action":"GetUpdates", "result":"DeleteReceived", "context":{"id":"d8a9e2c6-085f-46a0-ac86-e2974038719a", "isDeleted:":"true", "version":"1729012395928"}}
{"logTime": "1114/053529", "correlationVector":"mTA5Oy1/GOw7ITz9hby7xo.111","action":"GetUpdates", "result":"DeleteReceived", "context":{"id":"b408016c-6899-4bf2-8bb4-029228affbba", "isDeleted:":"true", "version":"1729012395929"}}
{"logTime": "1114/053529", "correlationVector":"mTA5Oy1/GOw7ITz9hby7xo.112","action":"GetUpdates", "result":"DeleteReceived", "context":{"id":"19613c67-7ca6-463b-9c7b-44085ceea042", "isDeleted:":"true", "version":"1729012426667"}}
{"logTime": "1114/053529", "correlationVector":"mTA5Oy1/GOw7ITz9hby7xo.113","action":"GetUpdates", "result":"DeleteReceived", "context":{"id":"883d7aa8-b139-4eb1-810f-209205df257e", "isDeleted:":"true", "version":"1729092094238"}}
{"logTime": "1114/053529", "correlationVector":"mTA5Oy1/GOw7ITz9hby7xo.114","action":"GetUpdates", "result":"DeleteReceived", "context":{"id":"6911abc8-e2a5-4542-9f1c-1e852cd1f244", "isDeleted:":"true", "version":"1729092373072"}}
{"logTime": "1114/053529", "correlationVector":"mTA5Oy1/GOw7ITz9hby7xo.115","action":"GetUpdates", "result":"DeleteReceived", "context":{"id":"9ff93a50-6ce1-4141-b7d7-92b76108f575", "isDeleted:":"true", "version":"1729092501259"}}
{"logTime": "1114/053529", "correlationVector":"mTA5Oy1/GOw7ITz9hby7xo.116","action":"GetUpdates", "result":"DeleteReceived", "context":{"id":"9512a468-03d4-4743-889c-700b3bf0a364", "isDeleted:":"true", "version":"1729092626439"}}
{"logTime": "1114/053529", "correlationVector":"mTA5Oy1/GOw7ITz9hby7xo.117","action":"GetUpdates", "result":"DeleteReceived", "context":{"id":"b938cf97-8412-4ce4-ab10-312f59174723", "isDeleted:":"true", "version":"1729092638679"}}
{"logTime": "1114/053529", "correlationVector":"mTA5Oy1/GOw7ITz9hby7xo.118","action":"GetUpdates", "result":"DeleteReceived", "context":{"id":"5cce3826-6df4-40e4-904f-c6d5cb14f6b3", "isDeleted:":"true", "version":"1729092638684"}}
{"logTime": "1114/053529", "correlationVector":"mTA5Oy1/GOw7ITz9hby7xo.119","action":"GetUpdates", "result":"DeleteReceived", "context":{"id":"e5e1d8be-1c9e-4067-9a85-bff5e3041da6", "isDeleted:":"true", "version":"1729092638685"}}
{"logTime": "1114/053529", "correlationVector":"mTA5Oy1/GOw7ITz9hby7xo.120","action":"GetUpdates", "result":"DeleteReceived", "context":{"id":"4e8b6bee-d252-4ef1-872f-f4b5d456f1ce", "isDeleted:":"true", "version":"1729092759178"}}
{"logTime": "1114/053529", "correlationVector":"mTA5Oy1/GOw7ITz9hby7xo.121","action":"GetUpdates", "result":"DeleteReceived", "context":{"id":"a3fc32cc-6749-4b99-a4d9-b686aada0b5c", "isDeleted:":"true", "version":"1729092864996"}}
{"logTime": "1114/053529", "correlationVector":"mTA5Oy1/GOw7ITz9hby7xo.122","action":"GetUpdates", "result":"DeleteReceived", "context":{"id":"54ae2174-3b7f-45e9-917d-dc90cfffde1c", "isDeleted:":"true", "version":"1729092864997"}}
{"logTime": "1114/053529", "correlationVector":"mTA5Oy1/GOw7ITz9hby7xo.123","action":"GetUpdates", "result":"DeleteReceived", "context":{"id":"cda8ccbf-767c-4ce9-aef8-ba8ae8cb3043", "isDeleted:":"true", "version":"1729092864998"}}
{"logTime": "1114/053529", "correlationVector":"mTA5Oy1/GOw7ITz9hby7xo.124","action":"GetUpdates", "result":"DeleteReceived", "context":{"id":"948f8535-35c0-4aa6-8891-59c608eb6430", "isDeleted:":"true", "version":"1729093148509"}}
{"logTime": "1114/053529", "correlationVector":"mTA5Oy1/GOw7ITz9hby7xo.125","action":"GetUpdates", "result":"DeleteReceived", "context":{"id":"a84a78de-b52e-4a82-97de-ea6ef568a23d", "isDeleted:":"true", "version":"1729093191080"}}
{"logTime": "1114/053529", "correlationVector":"mTA5Oy1/GOw7ITz9hby7xo.126","action":"GetUpdates", "result":"DeleteReceived", "context":{"id":"84c9b070-aa3d-4415-abd3-4bead783ba06", "isDeleted:":"true", "version":"1729093191081"}}
{"logTime": "1114/053529", "correlationVector":"mTA5Oy1/GOw7ITz9hby7xo.127","action":"GetUpdates", "result":"DeleteReceived", "context":{"id":"36b0ac61-12c0-46f7-8d1d-8ffe94233ef8", "isDeleted:":"true", "version":"1729093191082"}}
{"logTime": "1114/053529", "correlationVector":"mTA5Oy1/GOw7ITz9hby7xo.128","action":"GetUpdates", "result":"DeleteReceived", "context":{"id":"11dab0a3-28fc-4b41-9baf-34601292a426", "isDeleted:":"true", "version":"1729093191083"}}
{"logTime": "1114/053529", "correlationVector":"mTA5Oy1/GOw7ITz9hby7xo.129","action":"GetUpdates", "result":"DeleteReceived", "context":{"id":"1d2c1e84-721b-4525-950d-0334450456b9", "isDeleted:":"true", "version":"1729093852528"}}
{"logTime": "1114/053529", "correlationVector":"mTA5Oy1/GOw7ITz9hby7xo.130","action":"GetUpdates", "result":"DeleteReceived", "context":{"id":"4c1ef361-78f1-4ec2-8897-d1500c060856", "isDeleted:":"true", "version":"1729095519656"}}
{"logTime": "1114/053529", "correlationVector":"mTA5Oy1/GOw7ITz9hby7xo.131","action":"GetUpdates", "result":"DeleteReceived", "context":{"id":"4926bc00-54c8-4cfe-9d65-a18295952c65", "isDeleted:":"true", "version":"1729098325159"}}
{"logTime": "1114/053529", "correlationVector":"mTA5Oy1/GOw7ITz9hby7xo.132","action":"GetUpdates", "result":"DeleteReceived", "context":{"id":"a79e3c04-82fc-4a48-aaf5-7713fc9e0abb", "isDeleted:":"true", "version":"1729182958676"}}
{"logTime": "1114/053529", "correlationVector":"mTA5Oy1/GOw7ITz9hby7xo.133","action":"GetUpdates", "result":"DeleteReceived", "context":{"id":"7dfcd999-d3ee-4899-90ea-f554d5425f67", "isDeleted:":"true", "version":"1729182958677"}}
{"logTime": "1114/053529", "correlationVector":"mTA5Oy1/GOw7ITz9hby7xo.134","action":"GetUpdates", "result":"DeleteReceived", "context":{"id":"b40de617-b79a-47ad-a30c-09112d712cec", "isDeleted:":"true", "version":"1729183128189"}}
{"logTime": "1114/053529", "correlationVector":"mTA5Oy1/GOw7ITz9hby7xo.135","action":"GetUpdates", "result":"DeleteReceived", "context":{"id":"7fa6a7dc-6b00-4e3a-ac4e-00fd3987ffa2", "isDeleted:":"true", "version":"1729183128190"}}
{"logTime": "1114/053529", "correlationVector":"mTA5Oy1/GOw7ITz9hby7xo.136","action":"GetUpdates", "result":"DeleteReceived", "context":{"id":"35b95649-5af9-49c7-885e-2cc99c8cd01e", "isDeleted:":"true", "version":"1729183343725"}}
{"logTime": "1114/053529", "correlationVector":"mTA5Oy1/GOw7ITz9hby7xo.137","action":"GetUpdates", "result":"DeleteReceived", "context":{"id":"9282340e-a8d5-41e3-9002-32e8bb193e0d", "isDeleted:":"true", "version":"1729183473719"}}
{"logTime": "1114/053529", "correlationVector":"mTA5Oy1/GOw7ITz9hby7xo.138","action":"GetUpdates", "result":"DeleteReceived", "context":{"id":"762343c3-df04-4b33-bd05-3c366d57dde2", "isDeleted:":"true", "version":"1729184052024"}}
{"logTime": "1114/053529", "correlationVector":"mTA5Oy1/GOw7ITz9hby7xo.139","action":"GetUpdates", "result":"DeleteReceived", "context":{"id":"5899d610-8250-49c6-9f67-d97d151a1b9e", "isDeleted:":"true", "version":"1729184165469"}}
{"logTime": "1114/053529", "correlationVector":"mTA5Oy1/GOw7ITz9hby7xo.140","action":"GetUpdates", "result":"DeleteReceived", "context":{"id":"e44da5c5-73a6-483b-bf07-e589346a4005", "isDeleted:":"true", "version":"1729184213125"}}
{"logTime": "1114/053529", "correlationVector":"mTA5Oy1/GOw7ITz9hby7xo.141","action":"GetUpdates", "result":"DeleteReceived", "context":{"id":"e83ba4d0-8a0d-46ff-8342-44ceb7541e99", "isDeleted:":"true", "version":"1729184484957"}}
{"logTime": "1114/053529", "correlationVector":"mTA5Oy1/GOw7ITz9hby7xo.142","action":"GetUpdates", "result":"DeleteReceived", "context":{"id":"eb47ec74-ccbd-4e2a-bdb9-4bda2069e5d4", "isDeleted:":"true", "version":"1729185969634"}}
{"logTime": "1114/053529", "correlationVector":"mTA5Oy1/GOw7ITz9hby7xo.143","action":"GetUpdates", "result":"DeleteReceived", "context":{"id":"b6748941-dc4e-4e27-91e8-b016c5763214", "isDeleted:":"true", "version":"1729259343971"}}
{"logTime": "1114/053529", "correlationVector":"mTA5Oy1/GOw7ITz9hby7xo.144","action":"GetUpdates", "result":"DeleteReceived", "context":{"id":"f7c8db9d-3430-406d-889c-751200ab9d9a", "isDeleted:":"true", "version":"1729259343973"}}
{"logTime": "1114/053529", "correlationVector":"mTA5Oy1/GOw7ITz9hby7xo.145","action":"GetUpdates", "result":"DeleteReceived", "context":{"id":"d8d15a4c-8d19-4e9c-a0af-a7a969830a14", "isDeleted:":"true", "version":"1729259343974"}}
{"logTime": "1114/053529", "correlationVector":"mTA5Oy1/GOw7ITz9hby7xo.146","action":"GetUpdates", "result":"DeleteReceived", "context":{"id":"4b8db451-0327-4288-831f-979ca04190ea", "isDeleted:":"true", "version":"1729259343975"}}
{"logTime": "1114/053529", "correlationVector":"mTA5Oy1/GOw7ITz9hby7xo.147","action":"GetUpdates", "result":"DeleteReceived", "context":{"id":"afecd8d7-4d5e-46e3-8dcc-6563d92f4eea", "isDeleted:":"true", "version":"1729260499397"}}
{"logTime": "1114/053529", "correlationVector":"mTA5Oy1/GOw7ITz9hby7xo.148","action":"GetUpdates", "result":"DeleteReceived", "context":{"id":"049559d0-2d6a-4e66-96d2-f048a97dacb3", "isDeleted:":"true", "version":"1729260966314"}}
{"logTime": "1114/053529", "correlationVector":"mTA5Oy1/GOw7ITz9hby7xo.149","action":"GetUpdates", "result":"DeleteReceived", "context":{"id":"d18df221-3865-43d6-8714-d1eab77c1559", "isDeleted:":"true", "version":"1729261186979"}}
{"logTime": "1114/053529", "correlationVector":"mTA5Oy1/GOw7ITz9hby7xo.150","action":"GetUpdates", "result":"DeleteReceived", "context":{"id":"defdcfa8-e21a-4729-ab33-559435b503bd", "isDeleted:":"true", "version":"1729261283435"}}
{"logTime": "1114/053529", "correlationVector":"mTA5Oy1/GOw7ITz9hby7xo.151","action":"GetUpdates", "result":"DeleteReceived", "context":{"id":"3c4975b3-e24c-4842-a769-c0570a69d004", "isDeleted:":"true", "version":"1729261856060"}}
{"logTime": "1114/053529", "correlationVector":"mTA5Oy1/GOw7ITz9hby7xo.152","action":"GetUpdates", "result":"DeleteReceived", "context":{"id":"fbd17559-c10c-4b76-bb38-f19ae46449c7", "isDeleted:":"true", "version":"1729319281311"}}
{"logTime": "1114/053529", "correlationVector":"mTA5Oy1/GOw7ITz9hby7xo.153","action":"GetUpdates", "result":"DeleteReceived", "context":{"id":"60e0d93c-6890-4570-9598-38e56c2abcce", "isDeleted:":"true", "version":"1729319976796"}}
{"logTime": "1114/053529", "correlationVector":"mTA5Oy1/GOw7ITz9hby7xo.154","action":"GetUpdates", "result":"DeleteReceived", "context":{"id":"14a5f32a-3fa1-4c19-a135-4f7b9f155181", "isDeleted:":"true", "version":"1729320602528"}}
{"logTime": "1114/053529", "correlationVector":"mTA5Oy1/GOw7ITz9hby7xo.155","action":"GetUpdates", "result":"DeleteReceived", "context":{"id":"18a10014-c4a4-4d6d-a157-9de68539eaf4", "isDeleted:":"true", "version":"1729320602532"}}
{"logTime": "1114/053529", "correlationVector":"mTA5Oy1/GOw7ITz9hby7xo.156","action":"GetUpdates", "result":"DeleteReceived", "context":{"id":"851cd42d-0fe4-4e1c-8468-a721dad17416", "isDeleted:":"true", "version":"1729321008027"}}
{"logTime": "1114/053529", "correlationVector":"mTA5Oy1/GOw7ITz9hby7xo.157","action":"GetUpdates", "result":"DeleteReceived", "context":{"id":"92478c4a-3319-4110-bfae-901ec62b1e2a", "isDeleted:":"true", "version":"1729321154290"}}
{"logTime": "1114/053529", "correlationVector":"mTA5Oy1/GOw7ITz9hby7xo.158","action":"GetUpdates", "result":"DeleteReceived", "context":{"id":"dee8bcb2-2766-4894-aa88-20584ea96ed1", "isDeleted:":"true", "version":"1729321431897"}}
{"logTime": "1114/053529", "correlationVector":"mTA5Oy1/GOw7ITz9hby7xo.159","action":"GetUpdates", "result":"DeleteReceived", "context":{"id":"a6995dcc-f60a-4e19-beae-dadf88c0afa3", "isDeleted:":"true", "version":"1729329829492"}}
{"logTime": "1114/053529", "correlationVector":"mTA5Oy1/GOw7ITz9hby7xo.160","action":"GetUpdates", "result":"DeleteReceived", "context":{"id":"a5fa1cd1-38ec-41e6-83e1-818f7245a515", "isDeleted:":"true", "version":"1729329829493"}}
{"logTime": "1114/053529", "correlationVector":"mTA5Oy1/GOw7ITz9hby7xo.161","action":"GetUpdates", "result":"DeleteReceived", "context":{"id":"9e166c20-1d52-4050-a80d-670f2e5798e6", "isDeleted:":"true", "version":"1729329829494"}}
{"logTime": "1114/053529", "correlationVector":"mTA5Oy1/GOw7ITz9hby7xo.162","action":"GetUpdates", "result":"DeleteReceived", "context":{"id":"497785f2-9b27-4870-a01b-88b05d4fe107", "isDeleted:":"true", "version":"1729610302260"}}
{"logTime": "1114/053529", "correlationVector":"mTA5Oy1/GOw7ITz9hby7xo.163","action":"GetUpdates", "result":"DeleteReceived", "context":{"id":"b420c63f-d557-40c2-8369-5941740da143", "isDeleted:":"true", "version":"1729610461467"}}
{"logTime": "1114/053529", "correlationVector":"mTA5Oy1/GOw7ITz9hby7xo.164","action":"GetUpdates", "result":"DeleteReceived", "context":{"id":"0617eef1-6fe3-42b3-89e1-391ad4c89e36", "isDeleted:":"true", "version":"1729610461468"}}
{"logTime": "1114/053529", "correlationVector":"mTA5Oy1/GOw7ITz9hby7xo.165","action":"GetUpdates", "result":"DeleteReceived", "context":{"id":"f92f1909-794c-4323-a029-02b2917fb7c9", "isDeleted:":"true", "version":"1729610602931"}}
{"logTime": "1114/053529", "correlationVector":"mTA5Oy1/GOw7ITz9hby7xo.166","action":"GetUpdates", "result":"DeleteReceived", "context":{"id":"a6afa7d4-5a88-4586-a54d-82f0fcf9753b", "isDeleted:":"true", "version":"1729610762945"}}
{"logTime": "1114/053529", "correlationVector":"mTA5Oy1/GOw7ITz9hby7xo.167","action":"GetUpdates", "result":"DeleteReceived", "context":{"id":"0c3e1b1b-0699-4a17-830e-51e65fc1b4df", "isDeleted:":"true", "version":"1729610979943"}}
{"logTime": "1114/053529", "correlationVector":"mTA5Oy1/GOw7ITz9hby7xo.168","action":"GetUpdates", "result":"DeleteReceived", "context":{"id":"36a9922e-4e1e-4880-ac0b-fb890513692c", "isDeleted:":"true", "version":"1729611062334"}}
{"logTime": "1114/053529", "correlationVector":"mTA5Oy1/GOw7ITz9hby7xo.169","action":"GetUpdates", "result":"DeleteReceived", "context":{"id":"605f78ec-406d-4c31-855b-0205c4382440", "isDeleted:":"true", "version":"1729611110488"}}
{"logTime": "1114/053529", "correlationVector":"mTA5Oy1/GOw7ITz9hby7xo.170","action":"GetUpdates", "result":"DeleteReceived", "context":{"id":"3e88d089-1fcb-45f3-a600-d5311200bf1c", "isDeleted:":"true", "version":"1729611110489"}}
{"logTime": "1114/053529", "correlationVector":"mTA5Oy1/GOw7ITz9hby7xo.171","action":"GetUpdates", "result":"DeleteReceived", "context":{"id":"891615e7-3bb4-47ed-bd20-0545830ce094", "isDeleted:":"true", "version":"1729611333976"}}
{"logTime": "1114/053529", "correlationVector":"mTA5Oy1/GOw7ITz9hby7xo.172","action":"GetUpdates", "result":"DeleteReceived", "context":{"id":"439512c4-82db-43b1-9695-95b8d626ea9b", "isDeleted:":"true", "version":"1729611485389"}}
{"logTime": "1114/053529", "correlationVector":"mTA5Oy1/GOw7ITz9hby7xo.173","action":"GetUpdates", "result":"DeleteReceived", "context":{"id":"e4fa0173-21e6-4bc7-a34b-783aa744f678", "isDeleted:":"true", "version":"1729611865291"}}
{"logTime": "1114/053529", "correlationVector":"mTA5Oy1/GOw7ITz9hby7xo.174","action":"GetUpdates", "result":"DeleteReceived", "context":{"id":"d0d0d2fc-284e-4428-978b-4b9f3348404b", "isDeleted:":"true", "version":"1729611971358"}}
{"logTime": "1114/053529", "correlationVector":"mTA5Oy1/GOw7ITz9hby7xo.175","action":"GetUpdates", "result":"DeleteReceived", "context":{"id":"cdd852b9-e281-43d3-80eb-04785a780ee5", "isDeleted:":"true", "version":"1729612654391"}}
{"logTime": "1114/053529", "correlationVector":"mTA5Oy1/GOw7ITz9hby7xo.176","action":"GetUpdates", "result":"DeleteReceived", "context":{"id":"10ebf560-e35d-4ad4-99c6-910b00360fec", "isDeleted:":"true", "version":"1730816816589"}}
{"logTime": "1114/053529", "correlationVector":"mTA5Oy1/GOw7ITz9hby7xo.177","action":"GetUpdates", "result":"DeleteReceived", "context":{"id":"13fdeea4-813c-423d-b368-6444b2fd2d54", "isDeleted:":"true", "version":"1730816816590"}}
{"logTime": "1114/053529", "correlationVector":"mTA5Oy1/GOw7ITz9hby7xo.178","action":"GetUpdates", "result":"DeleteReceived", "context":{"id":"7f6dddea-5a67-4e89-91ad-0a30eab1db17", "isDeleted:":"true", "version":"1730818772159"}}
{"logTime": "1114/053529", "correlationVector":"mTA5Oy1/GOw7ITz9hby7xo.179","action":"GetUpdates Response", "result":"Success", "context":Received 250 update(s). cV=mTA5Oy1/GOw7ITz9hby7xo.0;server=GENERAL03000020;cloudType=Consumer;environment=Prod_SoutheastAsia_000j;migrationStage=NotStarted Some updates remain.}
{"logTime": "1114/053529", "correlationVector":"wX6YlPGVcNSFgJ+wWNELAh","action":"Initial GetUpdates", "result":"", "context":Reason: NEWLY_SUPPORTED_DATATYPE. cV=wX6YlPGVcNSFgJ+wWNELAh}
{"logTime": "1114/053530", "correlationVector":"wX6YlPGVcNSFgJ+wWNELAh.1","action":"SyncServerConnectionManagerRequest", "result":"SYNC_SERVER_OK", "context":{"environment":"Prod_SoutheastAsia_000j", "migrationStage":"NotStarted", "server":"GENERAL01000004"}}
{"logTime": "1114/053530", "correlationVector":"wX6YlPGVcNSFgJ+wWNELAh.2","action":"GetUpdates", "result":"DeleteReceived", "context":{"id":"58a46804-6ffc-4d56-99f9-e1171361dbd3", "isDeleted:":"true", "version":"1730824550162"}}
{"logTime": "1114/053530", "correlationVector":"wX6YlPGVcNSFgJ+wWNELAh.3","action":"GetUpdates", "result":"DeleteReceived", "context":{"id":"4af9e775-a494-4113-95da-87e4ad2b4d26", "isDeleted:":"true", "version":"1730905143062"}}
{"logTime": "1114/053530", "correlationVector":"wX6YlPGVcNSFgJ+wWNELAh.4","action":"GetUpdates", "result":"DeleteReceived", "context":{"id":"1f8e0e14-cebc-4fe4-835a-a40d6012f971", "isDeleted:":"true", "version":"1730962360565"}}
{"logTime": "1114/053530", "correlationVector":"wX6YlPGVcNSFgJ+wWNELAh.5","action":"GetUpdates", "result":"DeleteReceived", "context":{"id":"2fcb763c-8c5f-4236-b6c0-5f403e35d35a", "isDeleted:":"true", "version":"1730819389131"}}
{"logTime": "1114/053530", "correlationVector":"wX6YlPGVcNSFgJ+wWNELAh.6","action":"GetUpdates", "result":"DeleteReceived", "context":{"id":"51f7b276-9c8a-48ec-87c0-7685f06dfb5f", "isDeleted:":"true", "version":"1730824849167"}}
{"logTime": "1114/053530", "correlationVector":"wX6YlPGVcNSFgJ+wWNELAh.7","action":"GetUpdates", "result":"DeleteReceived", "context":{"id":"0fedf2cf-39f3-4f6a-8b37-56663950acc3", "isDeleted:":"true", "version":"1730826194753"}}
{"logTime": "1114/053530", "correlationVector":"wX6YlPGVcNSFgJ+wWNELAh.8","action":"GetUpdates", "result":"DeleteReceived", "context":{"id":"477d6a5a-3bce-4623-9216-c23eee00e6f9", "isDeleted:":"true", "version":"1730826233157"}}
{"logTime": "1114/053530", "correlationVector":"wX6YlPGVcNSFgJ+wWNELAh.9","action":"GetUpdates", "result":"DeleteReceived", "context":{"id":"9dc11c48-636d-482d-bf39-848036306452", "isDeleted:":"true", "version":"1730826738674"}}
{"logTime": "1114/053530", "correlationVector":"wX6YlPGVcNSFgJ+wWNELAh.10","action":"GetUpdates", "result":"DeleteReceived", "context":{"id":"412c0fa1-ab81-40a4-9652-2382eda3eeb9", "isDeleted:":"true", "version":"1730827103411"}}
{"logTime": "1114/053530", "correlationVector":"wX6YlPGVcNSFgJ+wWNELAh.11","action":"GetUpdates", "result":"DeleteReceived", "context":{"id":"741351e3-4d37-4895-8183-17674db24411", "isDeleted:":"true", "version":"1730827154968"}}
{"logTime": "1114/053530", "correlationVector":"wX6YlPGVcNSFgJ+wWNELAh.12","action":"GetUpdates", "result":"DeleteReceived", "context":{"id":"5f164c1b-8c5d-49dc-a2c5-f786ea43ec1c", "isDeleted:":"true", "version":"1730827233337"}}
{"logTime": "1114/053530", "correlationVector":"wX6YlPGVcNSFgJ+wWNELAh.13","action":"GetUpdates", "result":"DeleteReceived", "context":{"id":"ddf5e713-92fa-4247-aefb-c0ad62885f5b", "isDeleted:":"true", "version":"1730827276527"}}
{"logTime": "1114/053530", "correlationVector":"wX6YlPGVcNSFgJ+wWNELAh.14","action":"GetUpdates", "result":"DeleteReceived", "context":{"id":"4852a25a-41c2-4f4f-9a0b-1caaaa855878", "isDeleted:":"true", "version":"1730828468248"}}
{"logTime": "1114/053530", "correlationVector":"wX6YlPGVcNSFgJ+wWNELAh.15","action":"GetUpdates", "result":"DeleteReceived", "context":{"id":"da95321b-9583-4f39-afc8-c724c842e2f3", "isDeleted:":"true", "version":"1730828468249"}}
{"logTime": "1114/053530", "correlationVector":"wX6YlPGVcNSFgJ+wWNELAh.16","action":"GetUpdates", "result":"DeleteReceived", "context":{"id":"cf224aab-c00d-4c2f-9b80-8375c9d4b56c", "isDeleted:":"true", "version":"1730829141771"}}
{"logTime": "1114/053530", "correlationVector":"wX6YlPGVcNSFgJ+wWNELAh.17","action":"GetUpdates", "result":"DeleteReceived", "context":{"id":"9d672a74-bf00-412d-8d3f-897cc64b1479", "isDeleted:":"true", "version":"1730829646787"}}
{"logTime": "1114/053530", "correlationVector":"wX6YlPGVcNSFgJ+wWNELAh.18","action":"GetUpdates", "result":"DeleteReceived", "context":{"id":"e32f8bbb-ad3e-4558-a78c-e158d5c0dc63", "isDeleted:":"true", "version":"1730901677456"}}
{"logTime": "1114/053530", "correlationVector":"wX6YlPGVcNSFgJ+wWNELAh.19","action":"GetUpdates", "result":"DeleteReceived", "context":{"id":"c6ea02bc-b19b-4932-98a7-205c86a5475e", "isDeleted:":"true", "version":"1730902351447"}}
{"logTime": "1114/053530", "correlationVector":"wX6YlPGVcNSFgJ+wWNELAh.20","action":"GetUpdates", "result":"DeleteReceived", "context":{"id":"c47fce2a-42a3-4f71-81f2-8f560ba737a3", "isDeleted:":"true", "version":"1730902580597"}}
{"logTime": "1114/053530", "correlationVector":"wX6YlPGVcNSFgJ+wWNELAh.21","action":"GetUpdates", "result":"DeleteReceived", "context":{"id":"86261aab-eead-4f81-9171-1404f357e957", "isDeleted:":"true", "version":"1730905018349"}}
{"logTime": "1114/053530", "correlationVector":"wX6YlPGVcNSFgJ+wWNELAh.22","action":"GetUpdates", "result":"DeleteReceived", "context":{"id":"00a0dc46-646a-4a51-abef-d873fc62bbf4", "isDeleted:":"true", "version":"1730905018350"}}
{"logTime": "1114/053530", "correlationVector":"wX6YlPGVcNSFgJ+wWNELAh.23","action":"GetUpdates", "result":"DeleteReceived", "context":{"id":"2083568c-0b72-4f31-8800-71153b4739e7", "isDeleted:":"true", "version":"1730905018352"}}
{"logTime": "1114/053530", "correlationVector":"wX6YlPGVcNSFgJ+wWNELAh.24","action":"GetUpdates", "result":"DeleteReceived", "context":{"id":"231e4dd4-6c88-4bdb-8c9c-d825073fe8f8", "isDeleted:":"true", "version":"1730915591218"}}
{"logTime": "1114/053530", "correlationVector":"wX6YlPGVcNSFgJ+wWNELAh.25","action":"GetUpdates", "result":"DeleteReceived", "context":{"id":"49dd1232-d143-4db9-a5a6-a8b53cad5db3", "isDeleted:":"true", "version":"1730915591219"}}
{"logTime": "1114/053530", "correlationVector":"wX6YlPGVcNSFgJ+wWNELAh.26","action":"GetUpdates", "result":"DeleteReceived", "context":{"id":"dac1a32a-e531-4086-9be7-fcc50f393835", "isDeleted:":"true", "version":"1730958616332"}}
{"logTime": "1114/053530", "correlationVector":"wX6YlPGVcNSFgJ+wWNELAh.27","action":"GetUpdates", "result":"DeleteReceived", "context":{"id":"1a5719e5-44c4-4920-9634-c617beffaf4d", "isDeleted:":"true", "version":"1730958616334"}}
{"logTime": "1114/053530", "correlationVector":"wX6YlPGVcNSFgJ+wWNELAh.28","action":"GetUpdates", "result":"DeleteReceived", "context":{"id":"8ea71b96-e1b6-4b08-8eab-57a20054c350", "isDeleted:":"true", "version":"1730958616336"}}
{"logTime": "1114/053530", "correlationVector":"wX6YlPGVcNSFgJ+wWNELAh.29","action":"GetUpdates", "result":"DeleteReceived", "context":{"id":"44a2b1d7-21b8-4f4f-9ee9-d79d18ce1cda", "isDeleted:":"true", "version":"1730961221410"}}
{"logTime": "1114/053530", "correlationVector":"wX6YlPGVcNSFgJ+wWNELAh.30","action":"GetUpdates", "result":"DeleteReceived", "context":{"id":"9d2feed8-8044-44b2-b878-bcb8a5583d28", "isDeleted:":"true", "version":"1730961680994"}}
{"logTime": "1114/053530", "correlationVector":"wX6YlPGVcNSFgJ+wWNELAh.31","action":"GetUpdates", "result":"DeleteReceived", "context":{"id":"80d4ba10-fc3a-4c82-898f-793e5bc25ae3", "isDeleted:":"true", "version":"1730961680996"}}
{"logTime": "1114/053530", "correlationVector":"wX6YlPGVcNSFgJ+wWNELAh.32","action":"GetUpdates", "result":"DeleteReceived", "context":{"id":"cced3554-7dec-43de-bd3e-b1a6dd1939f7", "isDeleted:":"true", "version":"1730963610248"}}
{"logTime": "1114/053530", "correlationVector":"wX6YlPGVcNSFgJ+wWNELAh.33","action":"GetUpdates", "result":"DeleteReceived", "context":{"id":"9e48c99e-d6e0-4b3c-8ae0-bba6dc642240", "isDeleted:":"true", "version":"1730963790482"}}
{"logTime": "1114/053530", "correlationVector":"wX6YlPGVcNSFgJ+wWNELAh.34","action":"GetUpdates", "result":"DeleteReceived", "context":{"id":"7d61a381-1649-41f6-a252-04dc7a28cb17", "isDeleted:":"true", "version":"1730975533979"}}
{"logTime": "1114/053530", "correlationVector":"wX6YlPGVcNSFgJ+wWNELAh.35","action":"GetUpdates", "result":"DeleteReceived", "context":{"id":"b20e99c2-bee0-48bc-a0d3-c83e145de7c1", "isDeleted:":"true", "version":"1730975533980"}}
{"logTime": "1114/053530", "correlationVector":"wX6YlPGVcNSFgJ+wWNELAh.36","action":"GetUpdates", "result":"DeleteReceived", "context":{"id":"7e660410-131a-4be9-b5f2-5eea8195a353", "isDeleted:":"true", "version":"1730975533981"}}
{"logTime": "1114/053530", "correlationVector":"wX6YlPGVcNSFgJ+wWNELAh.37","action":"GetUpdates", "result":"DeleteReceived", "context":{"id":"c7167d39-471f-4a64-a451-6997ba2b4249", "isDeleted:":"true", "version":"1730975533982"}}
{"logTime": "1114/053530", "correlationVector":"wX6YlPGVcNSFgJ+wWNELAh.38","action":"GetUpdates", "result":"DeleteReceived", "context":{"id":"f9f017ec-639c-4790-912d-2b8cb3d01414", "isDeleted:":"true", "version":"1730975533984"}}
{"logTime": "1114/053530", "correlationVector":"wX6YlPGVcNSFgJ+wWNELAh.39","action":"GetUpdates", "result":"DeleteReceived", "context":{"id":"9b097a8d-a3b5-4412-a4dc-f4ac0cdcb400", "isDeleted:":"true", "version":"1730976088802"}}
{"logTime": "1114/053530", "correlationVector":"wX6YlPGVcNSFgJ+wWNELAh.40","action":"GetUpdates", "result":"DeleteReceived", "context":{"id":"96faaabf-bad2-47de-8986-5e34baecad3f", "isDeleted:":"true", "version":"1730976355119"}}
{"logTime": "1114/053530", "correlationVector":"wX6YlPGVcNSFgJ+wWNELAh.41","action":"GetUpdates", "result":"DeleteReceived", "context":{"id":"0117ec0b-d9df-45a6-8e5b-cfe5e86f9af0", "isDeleted:":"true", "version":"1730976355120"}}
{"logTime": "1114/053530", "correlationVector":"wX6YlPGVcNSFgJ+wWNELAh.42","action":"GetUpdates", "result":"DeleteReceived", "context":{"id":"66c402ec-d001-4ff7-b9f8-a0449f8bb9b5", "isDeleted:":"true", "version":"1730976355121"}}
{"logTime": "1114/053530", "correlationVector":"wX6YlPGVcNSFgJ+wWNELAh.43","action":"GetUpdates", "result":"DeleteReceived", "context":{"id":"fede8394-e41f-4593-ada5-2b74d2c1bd3c", "isDeleted:":"true", "version":"1730976355122"}}
{"logTime": "1114/053530", "correlationVector":"wX6YlPGVcNSFgJ+wWNELAh.44","action":"GetUpdates", "result":"DeleteReceived", "context":{"id":"9298c8ad-a1a9-4eb7-961f-b448e8d99630", "isDeleted:":"true", "version":"1730976355123"}}
{"logTime": "1114/053530", "correlationVector":"wX6YlPGVcNSFgJ+wWNELAh.45","action":"GetUpdates", "result":"DeleteReceived", "context":{"id":"cb4ebec4-596c-40cf-8502-f3f36056cad9", "isDeleted:":"true", "version":"1730976355124"}}
{"logTime": "1114/053530", "correlationVector":"wX6YlPGVcNSFgJ+wWNELAh.46","action":"GetUpdates", "result":"DeleteReceived", "context":{"id":"1154d213-6f4b-4e62-ac35-ec9200ea5016", "isDeleted:":"true", "version":"1730976355125"}}
{"logTime": "1114/053530", "correlationVector":"wX6YlPGVcNSFgJ+wWNELAh.47","action":"GetUpdates", "result":"DeleteReceived", "context":{"id":"1e37aba0-ebf1-4e15-ac56-7dc8f9a51d65", "isDeleted:":"true", "version":"1730976355126"}}
{"logTime": "1114/053530", "correlationVector":"wX6YlPGVcNSFgJ+wWNELAh.48","action":"GetUpdates", "result":"DeleteReceived", "context":{"id":"b78286d8-06a8-4ece-9109-5b35b1bf82f4", "isDeleted:":"true", "version":"1730976355127"}}
{"logTime": "1114/053530", "correlationVector":"wX6YlPGVcNSFgJ+wWNELAh.49","action":"GetUpdates", "result":"DeleteReceived", "context":{"id":"6497a38f-0949-4134-b1dc-38b013fbb466", "isDeleted:":"true", "version":"1730976355128"}}
{"logTime": "1114/053530", "correlationVector":"wX6YlPGVcNSFgJ+wWNELAh.50","action":"GetUpdates", "result":"DeleteReceived", "context":{"id":"11193f59-25dc-4490-be13-e28553dcedbd", "isDeleted:":"true", "version":"1730976355129"}}
{"logTime": "1114/053530", "correlationVector":"wX6YlPGVcNSFgJ+wWNELAh.51","action":"GetUpdates", "result":"DeleteReceived", "context":{"id":"9319905c-2a06-4a1e-b44e-9d1fd05ce22f", "isDeleted:":"true", "version":"1730976355130"}}
{"logTime": "1114/053530", "correlationVector":"wX6YlPGVcNSFgJ+wWNELAh.52","action":"GetUpdates", "result":"DeleteReceived", "context":{"id":"ce95a704-63ef-45a4-ad78-30b611804606", "isDeleted:":"true", "version":"1730976355131"}}
{"logTime": "1114/053530", "correlationVector":"wX6YlPGVcNSFgJ+wWNELAh.53","action":"GetUpdates", "result":"DeleteReceived", "context":{"id":"05b0ce7c-b7ee-46cc-9f23-9061635ffe2f", "isDeleted:":"true", "version":"1730976355132"}}
{"logTime": "1114/053530", "correlationVector":"wX6YlPGVcNSFgJ+wWNELAh.54","action":"GetUpdates", "result":"DeleteReceived", "context":{"id":"e4902f1a-21a4-4e2b-a84f-54d8143f9161", "isDeleted:":"true", "version":"1730976355133"}}
{"logTime": "1114/053530", "correlationVector":"wX6YlPGVcNSFgJ+wWNELAh.55","action":"GetUpdates", "result":"DeleteReceived", "context":{"id":"ca80022a-fd5a-4b36-bcb2-d2fb2f5cc57c", "isDeleted:":"true", "version":"1730976355134"}}
{"logTime": "1114/053530", "correlationVector":"wX6YlPGVcNSFgJ+wWNELAh.56","action":"GetUpdates", "result":"DeleteReceived", "context":{"id":"a97dcff4-fd42-4f85-bcbf-2b23964cadc0", "isDeleted:":"true", "version":"1730976355135"}}
{"logTime": "1114/053530", "correlationVector":"wX6YlPGVcNSFgJ+wWNELAh.57","action":"GetUpdates", "result":"DeleteReceived", "context":{"id":"124372eb-f16d-4da6-bcdf-e33c3df4ea2f", "isDeleted:":"true", "version":"1730976355137"}}
{"logTime": "1114/053530", "correlationVector":"wX6YlPGVcNSFgJ+wWNELAh.58","action":"GetUpdates", "result":"DeleteReceived", "context":{"id":"d4963755-c45a-4eff-875f-4db207e9b2a4", "isDeleted:":"true", "version":"1730976355138"}}
{"logTime": "1114/053530", "correlationVector":"wX6YlPGVcNSFgJ+wWNELAh.59","action":"GetUpdates", "result":"DeleteReceived", "context":{"id":"38029021-4125-4ad8-8847-b66a0ddcb933", "isDeleted:":"true", "version":"1730976355139"}}
{"logTime": "1114/053530", "correlationVector":"wX6YlPGVcNSFgJ+wWNELAh.60","action":"GetUpdates", "result":"DeleteReceived", "context":{"id":"ce50dcec-40d6-4875-a202-979ebf9fca7e", "isDeleted:":"true", "version":"1730985768593"}}
{"logTime": "1114/053530", "correlationVector":"wX6YlPGVcNSFgJ+wWNELAh.61","action":"GetUpdates", "result":"DeleteReceived", "context":{"id":"44f5b911-8b84-4806-a470-12157f3f2997", "isDeleted:":"true", "version":"1730985954400"}}
{"logTime": "1114/053530", "correlationVector":"wX6YlPGVcNSFgJ+wWNELAh.62","action":"GetUpdates", "result":"DeleteReceived", "context":{"id":"1edf0446-5902-4ef7-9e56-7605e67aa2c1", "isDeleted:":"true", "version":"1730987279292"}}
{"logTime": "1114/053530", "correlationVector":"wX6YlPGVcNSFgJ+wWNELAh.63","action":"GetUpdates", "result":"DeleteReceived", "context":{"id":"df19b648-db69-477e-84b4-a9bfc2d8bfa8", "isDeleted:":"true", "version":"1730987545019"}}
{"logTime": "1114/053530", "correlationVector":"wX6YlPGVcNSFgJ+wWNELAh.64","action":"GetUpdates", "result":"DeleteReceived", "context":{"id":"304b3777-165f-4058-a513-2167b9cfe276", "isDeleted:":"true", "version":"1730988935184"}}
{"logTime": "1114/053530", "correlationVector":"wX6YlPGVcNSFgJ+wWNELAh.65","action":"GetUpdates", "result":"DeleteReceived", "context":{"id":"b994c7f8-2919-4808-8e78-ae5081455de8", "isDeleted:":"true", "version":"1730989262074"}}
{"logTime": "1114/053530", "correlationVector":"wX6YlPGVcNSFgJ+wWNELAh.66","action":"GetUpdates", "result":"DeleteReceived", "context":{"id":"53d8df12-af4b-44c1-97e4-147d96daf2cf", "isDeleted:":"true", "version":"1730989262075"}}
{"logTime": "1114/053530", "correlationVector":"wX6YlPGVcNSFgJ+wWNELAh.67","action":"GetUpdates", "result":"DeleteReceived", "context":{"id":"77c6355a-a60e-4d9d-9548-1fe7c9bc6765", "isDeleted:":"true", "version":"1730990151558"}}
{"logTime": "1114/053530", "correlationVector":"wX6YlPGVcNSFgJ+wWNELAh.68","action":"GetUpdates", "result":"DeleteReceived", "context":{"id":"717525cb-62bf-4a1c-b3c3-edfb173de05c", "isDeleted:":"true", "version":"1730990151559"}}
{"logTime": "1114/053530", "correlationVector":"wX6YlPGVcNSFgJ+wWNELAh.69","action":"GetUpdates", "result":"DeleteReceived", "context":{"id":"2d62f0e3-7d5a-421b-969a-4ae929683030", "isDeleted:":"true", "version":"1730992925358"}}
{"logTime": "1114/053530", "correlationVector":"wX6YlPGVcNSFgJ+wWNELAh.70","action":"GetUpdates", "result":"DeleteReceived", "context":{"id":"ba401997-8265-4263-bf2c-81d6676d119b", "isDeleted:":"true", "version":"1730992972464"}}
{"logTime": "1114/053530", "correlationVector":"wX6YlPGVcNSFgJ+wWNELAh.71","action":"GetUpdates", "result":"DeleteReceived", "context":{"id":"0bb45786-70a4-43e7-a4ba-cf13b22d3b4b", "isDeleted:":"true", "version":"1730993163441"}}
{"logTime": "1114/053530", "correlationVector":"wX6YlPGVcNSFgJ+wWNELAh.72","action":"GetUpdates", "result":"DeleteReceived", "context":{"id":"115a7757-e820-4efa-bc20-50c14714fdd4", "isDeleted:":"true", "version":"1730993163442"}}
{"logTime": "1114/053530", "correlationVector":"wX6YlPGVcNSFgJ+wWNELAh.73","action":"GetUpdates", "result":"DeleteReceived", "context":{"id":"9e39882e-e48b-4faf-a3cc-96fccae46643", "isDeleted:":"true", "version":"1730993163444"}}
{"logTime": "1114/053530", "correlationVector":"wX6YlPGVcNSFgJ+wWNELAh.74","action":"GetUpdates", "result":"DeleteReceived", "context":{"id":"5064575b-0848-4f6d-a3c4-acc04386f343", "isDeleted:":"true", "version":"1730994270682"}}
{"logTime": "1114/053530", "correlationVector":"wX6YlPGVcNSFgJ+wWNELAh.75","action":"GetUpdates", "result":"DeleteReceived", "context":{"id":"3f28ec1b-bb4c-4bc9-a60f-cd4c29fdaf3c", "isDeleted:":"true", "version":"1730994588363"}}
{"logTime": "1114/053530", "correlationVector":"wX6YlPGVcNSFgJ+wWNELAh.76","action":"GetUpdates", "result":"DeleteReceived", "context":{"id":"fe355fb5-f1f2-4a2a-91b6-5fe0d582ce5c", "isDeleted:":"true", "version":"1730994621089"}}
{"logTime": "1114/053530", "correlationVector":"wX6YlPGVcNSFgJ+wWNELAh.77","action":"GetUpdates", "result":"DeleteReceived", "context":{"id":"ba24ec6b-f9d3-4dd0-be4d-7b3b56a1a9a0", "isDeleted:":"true", "version":"1730994629332"}}
{"logTime": "1114/053530", "correlationVector":"wX6YlPGVcNSFgJ+wWNELAh.78","action":"GetUpdates", "result":"DeleteReceived", "context":{"id":"ce1928a3-ae0f-4d71-9d30-16134dedf4fd", "isDeleted:":"true", "version":"1730994629334"}}
{"logTime": "1114/053530", "correlationVector":"wX6YlPGVcNSFgJ+wWNELAh.79","action":"GetUpdates", "result":"DeleteReceived", "context":{"id":"00e3ac3b-aafb-4810-9079-61d91e2c0b7b", "isDeleted:":"true", "version":"1730994872094"}}
{"logTime": "1114/053530", "correlationVector":"wX6YlPGVcNSFgJ+wWNELAh.80","action":"GetUpdates", "result":"DeleteReceived", "context":{"id":"c3416c8a-2fc7-4e75-82d1-c40f648d53fe", "isDeleted:":"true", "version":"1730997651867"}}
{"logTime": "1114/053530", "correlationVector":"wX6YlPGVcNSFgJ+wWNELAh.81","action":"GetUpdates", "result":"DeleteReceived", "context":{"id":"e8647c11-de5a-4920-a4cf-9f5beb86b06e", "isDeleted:":"true", "version":"1730997670885"}}
{"logTime": "1114/053530", "correlationVector":"wX6YlPGVcNSFgJ+wWNELAh.82","action":"GetUpdates", "result":"DeleteReceived", "context":{"id":"c4582125-c79c-4ea0-9b31-cdf63d432567", "isDeleted:":"true", "version":"1730999412007"}}
{"logTime": "1114/053530", "correlationVector":"wX6YlPGVcNSFgJ+wWNELAh.83","action":"GetUpdates", "result":"DeleteReceived", "context":{"id":"64b1faca-23b3-4724-a84d-23086e5195a7", "isDeleted:":"true", "version":"1730999412009"}}
{"logTime": "1114/053530", "correlationVector":"wX6YlPGVcNSFgJ+wWNELAh.84","action":"GetUpdates", "result":"DeleteReceived", "context":{"id":"031b68b9-b211-40ea-8a72-5c18c03d1690", "isDeleted:":"true", "version":"1731001332724"}}
{"logTime": "1114/053530", "correlationVector":"wX6YlPGVcNSFgJ+wWNELAh.85","action":"GetUpdates", "result":"DeleteReceived", "context":{"id":"a44125c2-486a-4dd6-a281-6edd25cc70e3", "isDeleted:":"true", "version":"1731001332725"}}
{"logTime": "1114/053530", "correlationVector":"wX6YlPGVcNSFgJ+wWNELAh.86","action":"GetUpdates", "result":"DeleteReceived", "context":{"id":"7e8b1a1c-3077-4e70-b41a-b837a5156e67", "isDeleted:":"true", "version":"1731001332727"}}
{"logTime": "1114/053530", "correlationVector":"wX6YlPGVcNSFgJ+wWNELAh.87","action":"GetUpdates", "result":"DeleteReceived", "context":{"id":"c54f6968-1bd3-4baa-b6d9-bdaf40a27211", "isDeleted:":"true", "version":"1731001332729"}}
{"logTime": "1114/053530", "correlationVector":"wX6YlPGVcNSFgJ+wWNELAh.88","action":"GetUpdates", "result":"DeleteReceived", "context":{"id":"6b79985b-0188-4f7f-8e1d-0de1c418f28b", "isDeleted:":"true", "version":"1731073228071"}}
{"logTime": "1114/053530", "correlationVector":"wX6YlPGVcNSFgJ+wWNELAh.89","action":"GetUpdates", "result":"DeleteReceived", "context":{"id":"e9d2ffbc-b49c-486b-a5da-683c0f2c39ed", "isDeleted:":"true", "version":"1731073228074"}}
{"logTime": "1114/053530", "correlationVector":"wX6YlPGVcNSFgJ+wWNELAh.90","action":"GetUpdates", "result":"DeleteReceived", "context":{"id":"0ed06d3f-2ce3-4faa-a744-8b43c3a2f5d7", "isDeleted:":"true", "version":"1731073263594"}}
{"logTime": "1114/053530", "correlationVector":"wX6YlPGVcNSFgJ+wWNELAh.91","action":"GetUpdates", "result":"DeleteReceived", "context":{"id":"89974865-20ef-4b37-bf4f-96759546c094", "isDeleted:":"true", "version":"1731073263596"}}
{"logTime": "1114/053530", "correlationVector":"wX6YlPGVcNSFgJ+wWNELAh.92","action":"GetUpdates", "result":"DeleteReceived", "context":{"id":"e845f400-b138-4200-9b0e-e9307a8e0777", "isDeleted:":"true", "version":"1731073374510"}}
{"logTime": "1114/053530", "correlationVector":"wX6YlPGVcNSFgJ+wWNELAh.93","action":"GetUpdates", "result":"DeleteReceived", "context":{"id":"395c7657-9882-48f1-9bcf-8bf6a9fa877a", "isDeleted:":"true", "version":"1731073741396"}}
{"logTime": "1114/053530", "correlationVector":"wX6YlPGVcNSFgJ+wWNELAh.94","action":"GetUpdates", "result":"DeleteReceived", "context":{"id":"930453bb-fbeb-4840-8923-cfae6e569dca", "isDeleted:":"true", "version":"1731073781928"}}
{"logTime": "1114/053530", "correlationVector":"wX6YlPGVcNSFgJ+wWNELAh.95","action":"GetUpdates", "result":"DeleteReceived", "context":{"id":"e30e6361-9630-4a7f-801a-0aa3ad978ae2", "isDeleted:":"true", "version":"1731077143382"}}
{"logTime": "1114/053530", "correlationVector":"wX6YlPGVcNSFgJ+wWNELAh.96","action":"GetUpdates", "result":"DeleteReceived", "context":{"id":"28c4b4d4-3eed-4781-964f-feb19142ab6a", "isDeleted:":"true", "version":"1731077545291"}}
{"logTime": "1114/053530", "correlationVector":"wX6YlPGVcNSFgJ+wWNELAh.97","action":"GetUpdates", "result":"DeleteReceived", "context":{"id":"41feaa86-dc9c-45b7-b511-59b08fba4b51", "isDeleted:":"true", "version":"1731077545293"}}
{"logTime": "1114/053530", "correlationVector":"wX6YlPGVcNSFgJ+wWNELAh.98","action":"GetUpdates", "result":"DeleteReceived", "context":{"id":"d358b3f4-2a5e-47d7-9047-49e64993a4d2", "isDeleted:":"true", "version":"1731078909986"}}
{"logTime": "1114/053530", "correlationVector":"wX6YlPGVcNSFgJ+wWNELAh.99","action":"GetUpdates", "result":"DeleteReceived", "context":{"id":"8895e587-22f1-4bc4-8ba1-a3a7533b9bad", "isDeleted:":"true", "version":"1731084153628"}}
{"logTime": "1114/053530", "correlationVector":"wX6YlPGVcNSFgJ+wWNELAh.100","action":"GetUpdates", "result":"DeleteReceived", "context":{"id":"3a86592f-bbe2-46dc-8502-002cfdffe8cd", "isDeleted:":"true", "version":"1731084614842"}}
{"logTime": "1114/053530", "correlationVector":"wX6YlPGVcNSFgJ+wWNELAh.101","action":"GetUpdates", "result":"DeleteReceived", "context":{"id":"8937ee9f-6bd1-4d55-87bc-674cf69586f7", "isDeleted:":"true", "version":"1731085527195"}}
{"logTime": "1114/053530", "correlationVector":"wX6YlPGVcNSFgJ+wWNELAh.102","action":"GetUpdates", "result":"DeleteReceived", "context":{"id":"20d0fb3e-a260-46ec-bd46-7b229a37d5f3", "isDeleted:":"true", "version":"1731089947241"}}
{"logTime": "1114/053530", "correlationVector":"wX6YlPGVcNSFgJ+wWNELAh.103","action":"GetUpdates", "result":"DeleteReceived", "context":{"id":"3da54b28-c106-4d8e-bf85-897aed8f9512", "isDeleted:":"true", "version":"1731089947243"}}
{"logTime": "1114/053530", "correlationVector":"wX6YlPGVcNSFgJ+wWNELAh.104","action":"GetUpdates", "result":"DeleteReceived", "context":{"id":"9a247481-e7aa-4291-a352-c55625c7d71c", "isDeleted:":"true", "version":"1731089988909"}}
{"logTime": "1114/053530", "correlationVector":"wX6YlPGVcNSFgJ+wWNELAh.105","action":"GetUpdates", "result":"DeleteReceived", "context":{"id":"58720433-f222-49e7-a4b5-74f4f0bd3882", "isDeleted:":"true", "version":"1731132278547"}}
{"logTime": "1114/053530", "correlationVector":"wX6YlPGVcNSFgJ+wWNELAh.106","action":"GetUpdates", "result":"DeleteReceived", "context":{"id":"74cdcd2b-0d9a-4b7e-918d-96336a168e53", "isDeleted:":"true", "version":"1731132660207"}}
{"logTime": "1114/053530", "correlationVector":"wX6YlPGVcNSFgJ+wWNELAh.107","action":"GetUpdates", "result":"DeleteReceived", "context":{"id":"a260af4a-9038-416d-9215-c7663fe30e41", "isDeleted:":"true", "version":"1731169713059"}}
{"logTime": "1114/053530", "correlationVector":"wX6YlPGVcNSFgJ+wWNELAh.108","action":"GetUpdates", "result":"DeleteReceived", "context":{"id":"14e90d40-f507-4e58-929a-731087e59a7e", "isDeleted:":"true", "version":"1731169778514"}}
{"logTime": "1114/053530", "correlationVector":"wX6YlPGVcNSFgJ+wWNELAh.109","action":"GetUpdates", "result":"DeleteReceived", "context":{"id":"85ef782e-cd97-4e7f-b81f-44447ce0ca2b", "isDeleted:":"true", "version":"1731169910975"}}
{"logTime": "1114/053530", "correlationVector":"wX6YlPGVcNSFgJ+wWNELAh.110","action":"GetUpdates", "result":"DeleteReceived", "context":{"id":"18f73efc-216c-497c-abe2-f63538caa7f8", "isDeleted:":"true", "version":"1731170159132"}}
{"logTime": "1114/053530", "correlationVector":"wX6YlPGVcNSFgJ+wWNELAh.111","action":"GetUpdates", "result":"DeleteReceived", "context":{"id":"18c3f1e0-e1e6-4050-97c8-396489dcfcff", "isDeleted:":"true", "version":"1731170159133"}}
{"logTime": "1114/053530", "correlationVector":"wX6YlPGVcNSFgJ+wWNELAh.112","action":"GetUpdates", "result":"DeleteReceived", "context":{"id":"4fe995f9-49a0-4ede-866f-157fc756401c", "isDeleted:":"true", "version":"1731170159134"}}
{"logTime": "1114/053530", "correlationVector":"wX6YlPGVcNSFgJ+wWNELAh.113","action":"GetUpdates", "result":"DeleteReceived", "context":{"id":"0e8403a0-ce9e-49cd-b631-c581591384d4", "isDeleted:":"true", "version":"1731171232415"}}
{"logTime": "1114/053530", "correlationVector":"wX6YlPGVcNSFgJ+wWNELAh.114","action":"GetUpdates", "result":"DeleteReceived", "context":{"id":"d1285608-74cf-4dc4-b4e0-bfdd10075c65", "isDeleted:":"true", "version":"1731171240109"}}
{"logTime": "1114/053530", "correlationVector":"wX6YlPGVcNSFgJ+wWNELAh.115","action":"GetUpdates", "result":"DeleteReceived", "context":{"id":"8f3ef102-5bfb-4a78-8537-c717d179e052", "isDeleted:":"true", "version":"1731171240110"}}
{"logTime": "1114/053530", "correlationVector":"wX6YlPGVcNSFgJ+wWNELAh.116","action":"GetUpdates", "result":"DeleteReceived", "context":{"id":"c4137716-442b-410f-be15-58ebdad1fb67", "isDeleted:":"true", "version":"1731171240112"}}
{"logTime": "1114/053530", "correlationVector":"wX6YlPGVcNSFgJ+wWNELAh.117","action":"GetUpdates", "result":"DeleteReceived", "context":{"id":"1c8a1e92-f237-4d38-aeaf-2ba4c1059d0b", "isDeleted:":"true", "version":"1731171384841"}}
{"logTime": "1114/053530", "correlationVector":"wX6YlPGVcNSFgJ+wWNELAh.118","action":"GetUpdates", "result":"DeleteReceived", "context":{"id":"e388ea1c-435d-456f-890c-3bfc92994975", "isDeleted:":"true", "version":"1731171384842"}}
{"logTime": "1114/053530", "correlationVector":"wX6YlPGVcNSFgJ+wWNELAh.119","action":"GetUpdates", "result":"DeleteReceived", "context":{"id":"011bfbfa-ae6d-42f3-81ab-355d97baa82d", "isDeleted:":"true", "version":"1731172255608"}}
{"logTime": "1114/053530", "correlationVector":"wX6YlPGVcNSFgJ+wWNELAh.120","action":"GetUpdates", "result":"DeleteReceived", "context":{"id":"69e2d8a5-a052-4afb-b466-5ae22bb70afa", "isDeleted:":"true", "version":"1731172369390"}}
{"logTime": "1114/053530", "correlationVector":"wX6YlPGVcNSFgJ+wWNELAh.121","action":"GetUpdates", "result":"DeleteReceived", "context":{"id":"b51079e6-7e3b-4970-97b5-8eaa8b67818f", "isDeleted:":"true", "version":"1731172369391"}}
{"logTime": "1114/053530", "correlationVector":"wX6YlPGVcNSFgJ+wWNELAh.122","action":"GetUpdates", "result":"DeleteReceived", "context":{"id":"4fef176e-e455-490a-9187-7e7bf9d8ffee", "isDeleted:":"true", "version":"1731216406930"}}
{"logTime": "1114/053530", "correlationVector":"wX6YlPGVcNSFgJ+wWNELAh.123","action":"GetUpdates", "result":"DeleteReceived", "context":{"id":"7d0af844-99c6-4892-bc85-dc860920cc9f", "isDeleted:":"true", "version":"1731216406931"}}
{"logTime": "1114/053530", "correlationVector":"wX6YlPGVcNSFgJ+wWNELAh.124","action":"GetUpdates", "result":"DeleteReceived", "context":{"id":"5a67db4f-1155-4701-84e2-7f5d0a8569c7", "isDeleted:":"true", "version":"1731216852279"}}
{"logTime": "1114/053530", "correlationVector":"wX6YlPGVcNSFgJ+wWNELAh.125","action":"GetUpdates", "result":"DeleteReceived", "context":{"id":"53745608-59dc-4758-935c-d910259bea72", "isDeleted:":"true", "version":"1731216890427"}}
{"logTime": "1114/053530", "correlationVector":"wX6YlPGVcNSFgJ+wWNELAh.126","action":"GetUpdates", "result":"DeleteReceived", "context":{"id":"92a5617b-23cc-47e4-b60d-92d1c60342bd", "isDeleted:":"true", "version":"1731217408985"}}
{"logTime": "1114/053530", "correlationVector":"wX6YlPGVcNSFgJ+wWNELAh.127","action":"GetUpdates", "result":"DeleteReceived", "context":{"id":"578456a6-7c92-4316-b1b3-30b7c4c665ea", "isDeleted:":"true", "version":"1731217628863"}}
{"logTime": "1114/053530", "correlationVector":"wX6YlPGVcNSFgJ+wWNELAh.128","action":"GetUpdates", "result":"DeleteReceived", "context":{"id":"9fc7e969-f825-46bf-8385-4e33d8ac6a71", "isDeleted:":"true", "version":"1731217800244"}}
{"logTime": "1114/053530", "correlationVector":"wX6YlPGVcNSFgJ+wWNELAh.129","action":"GetUpdates", "result":"DeleteReceived", "context":{"id":"0a004fae-14ae-4fd5-b678-1dfd8c695be3", "isDeleted:":"true", "version":"1731218048526"}}
{"logTime": "1114/053530", "correlationVector":"wX6YlPGVcNSFgJ+wWNELAh.130","action":"GetUpdates", "result":"DeleteReceived", "context":{"id":"85fc3eca-dcd7-4fb3-809a-ed021a6e1ee9", "isDeleted:":"true", "version":"1731218223908"}}
{"logTime": "1114/053530", "correlationVector":"wX6YlPGVcNSFgJ+wWNELAh.131","action":"GetUpdates", "result":"DeleteReceived", "context":{"id":"1bdb6313-6c54-486c-9858-e5b13c52207b", "isDeleted:":"true", "version":"1731218630972"}}
{"logTime": "1114/053530", "correlationVector":"wX6YlPGVcNSFgJ+wWNELAh.132","action":"GetUpdates", "result":"DeleteReceived", "context":{"id":"ae3021dd-b022-40c7-81a7-317677927879", "isDeleted:":"true", "version":"1731218748084"}}
{"logTime": "1114/053530", "correlationVector":"wX6YlPGVcNSFgJ+wWNELAh.133","action":"GetUpdates", "result":"DeleteReceived", "context":{"id":"c46b3527-6e11-4477-9222-16968d4387aa", "isDeleted:":"true", "version":"1731219280586"}}
{"logTime": "1114/053530", "correlationVector":"wX6YlPGVcNSFgJ+wWNELAh.134","action":"GetUpdates", "result":"DeleteReceived", "context":{"id":"13f04090-3784-4bd3-8061-d6d7a27dd73b", "isDeleted:":"true", "version":"1731219387587"}}
{"logTime": "1114/053530", "correlationVector":"wX6YlPGVcNSFgJ+wWNELAh.135","action":"GetUpdates", "result":"DeleteReceived", "context":{"id":"21411771-ac68-4f60-9d6b-85b001e7c1b9", "isDeleted:":"true", "version":"1731219729037"}}
{"logTime": "1114/053530", "correlationVector":"wX6YlPGVcNSFgJ+wWNELAh.136","action":"GetUpdates", "result":"DeleteReceived", "context":{"id":"b9215918-aca6-4b45-b376-dd0a27b9a84d", "isDeleted:":"true", "version":"1731220438959"}}
{"logTime": "1114/053530", "correlationVector":"wX6YlPGVcNSFgJ+wWNELAh.137","action":"GetUpdates", "result":"DeleteReceived", "context":{"id":"596122c7-9ae3-4aa6-9da5-c4fb5015edf0", "isDeleted:":"true", "version":"1731221356047"}}
{"logTime": "1114/053530", "correlationVector":"wX6YlPGVcNSFgJ+wWNELAh.138","action":"GetUpdates", "result":"DeleteReceived", "context":{"id":"d9165d5c-fadd-4741-a71d-57a7779cf4e8", "isDeleted:":"true", "version":"1731222647853"}}
{"logTime": "1114/053530", "correlationVector":"wX6YlPGVcNSFgJ+wWNELAh.139","action":"GetUpdates", "result":"DeleteReceived", "context":{"id":"48a73655-cf09-4c19-bb46-d2b2642d4b77", "isDeleted:":"true", "version":"1731225158381"}}
{"logTime": "1114/053530", "correlationVector":"wX6YlPGVcNSFgJ+wWNELAh.140","action":"GetUpdates", "result":"DeleteReceived", "context":{"id":"c13d9fae-d3f3-435d-a593-3199911d4bc7", "isDeleted:":"true", "version":"1731246134132"}}
{"logTime": "1114/053530", "correlationVector":"wX6YlPGVcNSFgJ+wWNELAh.141","action":"GetUpdates", "result":"DeleteReceived", "context":{"id":"09d352f5-a936-440b-ac6a-fcebd6b6859f", "isDeleted:":"true", "version":"1731246134134"}}
{"logTime": "1114/053530", "correlationVector":"wX6YlPGVcNSFgJ+wWNELAh.142","action":"GetUpdates", "result":"DeleteReceived", "context":{"id":"71a8233b-250b-455c-b857-97dcacd06439", "isDeleted:":"true", "version":"1731256207877"}}
{"logTime": "1114/053530", "correlationVector":"wX6YlPGVcNSFgJ+wWNELAh.143","action":"GetUpdates", "result":"DeleteReceived", "context":{"id":"29aa78d4-6b82-4b68-84da-75d2536f5178", "isDeleted:":"true", "version":"1731262398597"}}
{"logTime": "1114/053530", "correlationVector":"wX6YlPGVcNSFgJ+wWNELAh.144","action":"GetUpdates", "result":"DeleteReceived", "context":{"id":"5ca30cf5-b581-4b15-9184-48283da604f2", "isDeleted:":"true", "version":"1731266548907"}}
{"logTime": "1114/053530", "correlationVector":"wX6YlPGVcNSFgJ+wWNELAh.145","action":"GetUpdates", "result":"DeleteReceived", "context":{"id":"380604be-21b9-408f-b4da-ad7f8c1c3213", "isDeleted:":"true", "version":"1731266560742"}}
{"logTime": "1114/053530", "correlationVector":"wX6YlPGVcNSFgJ+wWNELAh.146","action":"GetUpdates", "result":"DeleteReceived", "context":{"id":"8c480dd6-ad7d-4ae6-bba4-c715c990b569", "isDeleted:":"true", "version":"1731269560181"}}
{"logTime": "1114/053530", "correlationVector":"wX6YlPGVcNSFgJ+wWNELAh.147","action":"GetUpdates", "result":"DeleteReceived", "context":{"id":"0d8b26a5-7207-4286-bf02-c852d5ac7cf5", "isDeleted:":"true", "version":"1731269814412"}}
{"logTime": "1114/053530", "correlationVector":"wX6YlPGVcNSFgJ+wWNELAh.148","action":"GetUpdates", "result":"DeleteReceived", "context":{"id":"d379fec9-2587-4f08-a745-ebb8de570eb4", "isDeleted:":"true", "version":"1731270075402"}}
{"logTime": "1114/053530", "correlationVector":"wX6YlPGVcNSFgJ+wWNELAh.149","action":"GetUpdates", "result":"DeleteReceived", "context":{"id":"e4c03516-58e1-4891-bf9d-cf73b344da1f", "isDeleted:":"true", "version":"1731270079366"}}
{"logTime": "1114/053530", "correlationVector":"wX6YlPGVcNSFgJ+wWNELAh.150","action":"GetUpdates", "result":"DeleteReceived", "context":{"id":"c7c74c18-e212-479a-88f6-8029fb7f2365", "isDeleted:":"true", "version":"1731300435952"}}
{"logTime": "1114/053530", "correlationVector":"wX6YlPGVcNSFgJ+wWNELAh.151","action":"GetUpdates", "result":"DeleteReceived", "context":{"id":"d429cbfb-42e6-4405-b76c-7d845f4668f4", "isDeleted:":"true", "version":"1731306107656"}}
{"logTime": "1114/053530", "correlationVector":"wX6YlPGVcNSFgJ+wWNELAh.152","action":"GetUpdates", "result":"DeleteReceived", "context":{"id":"848fd2e9-c7e9-456f-b4d4-80964bf1fdaa", "isDeleted:":"true", "version":"1731306107657"}}
{"logTime": "1114/053530", "correlationVector":"wX6YlPGVcNSFgJ+wWNELAh.153","action":"GetUpdates", "result":"DeleteReceived", "context":{"id":"404f92fb-0854-4136-bd64-887479c0ca73", "isDeleted:":"true", "version":"1731334403953"}}
{"logTime": "1114/053530", "correlationVector":"wX6YlPGVcNSFgJ+wWNELAh.154","action":"GetUpdates", "result":"DeleteReceived", "context":{"id":"9b2b5a9a-8fa5-4f17-800b-c632ab78cf38", "isDeleted:":"true", "version":"1731334403955"}}
{"logTime": "1114/053530", "correlationVector":"wX6YlPGVcNSFgJ+wWNELAh.155","action":"GetUpdates", "result":"DeleteReceived", "context":{"id":"82742979-1a6d-431d-85b9-f19ce18be39d", "isDeleted:":"true", "version":"1731334608006"}}
{"logTime": "1114/053530", "correlationVector":"wX6YlPGVcNSFgJ+wWNELAh.156","action":"GetUpdates", "result":"DeleteReceived", "context":{"id":"ed93e4a2-4cdf-4bc7-b266-f2d9eef0985e", "isDeleted:":"true", "version":"1731334665157"}}
{"logTime": "1114/053530", "correlationVector":"wX6YlPGVcNSFgJ+wWNELAh.157","action":"GetUpdates", "result":"DeleteReceived", "context":{"id":"dc1d9661-b098-4860-9072-133a9359572c", "isDeleted:":"true", "version":"1731334665158"}}
{"logTime": "1114/053530", "correlationVector":"wX6YlPGVcNSFgJ+wWNELAh.158","action":"GetUpdates", "result":"DeleteReceived", "context":{"id":"30dca061-be09-4d5c-a6fd-0f305ad154de", "isDeleted:":"true", "version":"1731336723077"}}
{"logTime": "1114/053530", "correlationVector":"wX6YlPGVcNSFgJ+wWNELAh.159","action":"GetUpdates", "result":"DeleteReceived", "context":{"id":"a49bb414-76af-4c1f-856c-fa091770c92b", "isDeleted:":"true", "version":"1731336891999"}}
{"logTime": "1114/053530", "correlationVector":"wX6YlPGVcNSFgJ+wWNELAh.160","action":"GetUpdates", "result":"DeleteReceived", "context":{"id":"ac680dba-1e28-4149-b560-4515fed909fc", "isDeleted:":"true", "version":"1731336909722"}}
{"logTime": "1114/053530", "correlationVector":"wX6YlPGVcNSFgJ+wWNELAh.161","action":"GetUpdates", "result":"DeleteReceived", "context":{"id":"3855bc57-d433-4148-a4c7-2f3cd5b0ab74", "isDeleted:":"true", "version":"1731338197835"}}
{"logTime": "1114/053530", "correlationVector":"wX6YlPGVcNSFgJ+wWNELAh.162","action":"GetUpdates", "result":"DeleteReceived", "context":{"id":"eb8c7f9b-fee3-47af-98fe-6e4159f43e81", "isDeleted:":"true", "version":"1731344827324"}}
{"logTime": "1114/053530", "correlationVector":"wX6YlPGVcNSFgJ+wWNELAh.163","action":"GetUpdates", "result":"DeleteReceived", "context":{"id":"ec31f2c5-3dcf-4ccb-8134-1a89fbd565ee", "isDeleted:":"true", "version":"1731345528630"}}
{"logTime": "1114/053530", "correlationVector":"wX6YlPGVcNSFgJ+wWNELAh.164","action":"GetUpdates", "result":"DeleteReceived", "context":{"id":"0d5b1b89-7432-4f8c-98f0-eac0d3eac917", "isDeleted:":"true", "version":"1731346521919"}}
{"logTime": "1114/053530", "correlationVector":"wX6YlPGVcNSFgJ+wWNELAh.165","action":"GetUpdates", "result":"DeleteReceived", "context":{"id":"04159996-f739-42ee-8055-0d937b8c0704", "isDeleted:":"true", "version":"1731347662327"}}
{"logTime": "1114/053530", "correlationVector":"wX6YlPGVcNSFgJ+wWNELAh.166","action":"GetUpdates", "result":"DeleteReceived", "context":{"id":"dd571d04-8c89-41d8-b7ba-8cf782754877", "isDeleted:":"true", "version":"1731347975719"}}
{"logTime": "1114/053530", "correlationVector":"wX6YlPGVcNSFgJ+wWNELAh.167","action":"GetUpdates", "result":"DeleteReceived", "context":{"id":"689c6375-b426-400d-8bdc-21c0c55f076a", "isDeleted:":"true", "version":"1731348422423"}}
{"logTime": "1114/053530", "correlationVector":"wX6YlPGVcNSFgJ+wWNELAh.168","action":"GetUpdates", "result":"DeleteReceived", "context":{"id":"76b20dea-ef88-47f4-b323-4e862c1087d2", "isDeleted:":"true", "version":"1731348687553"}}
{"logTime": "1114/053530", "correlationVector":"wX6YlPGVcNSFgJ+wWNELAh.169","action":"GetUpdates", "result":"DeleteReceived", "context":{"id":"8cceae27-d15a-40ac-80b6-225aab1628ad", "isDeleted:":"true", "version":"1731349334040"}}
{"logTime": "1114/053530", "correlationVector":"wX6YlPGVcNSFgJ+wWNELAh.170","action":"GetUpdates", "result":"DeleteReceived", "context":{"id":"5db6f4ee-1533-4c57-91aa-e472becbb9f9", "isDeleted:":"true", "version":"1731353931784"}}
{"logTime": "1114/053530", "correlationVector":"wX6YlPGVcNSFgJ+wWNELAh.171","action":"GetUpdates", "result":"DeleteReceived", "context":{"id":"025a8d8f-d881-4f73-8659-a0e323a2199a", "isDeleted:":"true", "version":"1731353931785"}}
{"logTime": "1114/053530", "correlationVector":"wX6YlPGVcNSFgJ+wWNELAh.172","action":"GetUpdates", "result":"DeleteReceived", "context":{"id":"790c8eeb-0363-4634-b263-c5f9fc4b5054", "isDeleted:":"true", "version":"1731354626558"}}
{"logTime": "1114/053530", "correlationVector":"wX6YlPGVcNSFgJ+wWNELAh.173","action":"GetUpdates", "result":"DeleteReceived", "context":{"id":"04a76183-9265-4a46-88dc-0b79158d7f4c", "isDeleted:":"true", "version":"1731355362643"}}
{"logTime": "1114/053530", "correlationVector":"wX6YlPGVcNSFgJ+wWNELAh.174","action":"GetUpdates", "result":"DeleteReceived", "context":{"id":"8b88727c-83fa-4562-910a-b2f6dd85d994", "isDeleted:":"true", "version":"1731355502404"}}
{"logTime": "1114/053530", "correlationVector":"wX6YlPGVcNSFgJ+wWNELAh.175","action":"GetUpdates", "result":"DeleteReceived", "context":{"id":"3a74fbc4-f801-4975-8b81-1e439b9926b3", "isDeleted:":"true", "version":"1731355819570"}}
{"logTime": "1114/053530", "correlationVector":"wX6YlPGVcNSFgJ+wWNELAh.176","action":"GetUpdates", "result":"DeleteReceived", "context":{"id":"c1b54677-fc9e-46a0-b75a-6fb05396b3f3", "isDeleted:":"true", "version":"1731380510055"}}
{"logTime": "1114/053530", "correlationVector":"wX6YlPGVcNSFgJ+wWNELAh.177","action":"GetUpdates", "result":"DeleteReceived", "context":{"id":"5a9c206b-4b73-4924-8cb8-db6a410414bc", "isDeleted:":"true", "version":"1731382243832"}}
{"logTime": "1114/053530", "correlationVector":"wX6YlPGVcNSFgJ+wWNELAh.178","action":"GetUpdates", "result":"DeleteReceived", "context":{"id":"879cbce9-2e8e-4377-8f71-2d9aece8ba9e", "isDeleted:":"true", "version":"1731387655083"}}
{"logTime": "1114/053530", "correlationVector":"wX6YlPGVcNSFgJ+wWNELAh.179","action":"GetUpdates", "result":"DeleteReceived", "context":{"id":"796a5c01-010d-47bb-8cf0-6e9a05ff6b98", "isDeleted:":"true", "version":"1731387655084"}}
{"logTime": "1114/053530", "correlationVector":"wX6YlPGVcNSFgJ+wWNELAh.180","action":"GetUpdates", "result":"DeleteReceived", "context":{"id":"99c3e231-22d1-4824-b8ad-af8477cbeca9", "isDeleted:":"true", "version":"1731419404190"}}
{"logTime": "1114/053530", "correlationVector":"wX6YlPGVcNSFgJ+wWNELAh.181","action":"GetUpdates", "result":"DeleteReceived", "context":{"id":"2b1f9d1c-9d32-4589-9695-08bc8982951e", "isDeleted:":"true", "version":"1731419404191"}}
{"logTime": "1114/053530", "correlationVector":"wX6YlPGVcNSFgJ+wWNELAh.182","action":"GetUpdates", "result":"DeleteReceived", "context":{"id":"3e2e8012-e85b-44e8-a721-f8477e224252", "isDeleted:":"true", "version":"1731420020209"}}
{"logTime": "1114/053530", "correlationVector":"wX6YlPGVcNSFgJ+wWNELAh.183","action":"GetUpdates", "result":"DeleteReceived", "context":{"id":"aa9a0721-929e-4adc-9b81-3cbc078fa3c8", "isDeleted:":"true", "version":"1731420618379"}}
{"logTime": "1114/053530", "correlationVector":"wX6YlPGVcNSFgJ+wWNELAh.184","action":"GetUpdates", "result":"DeleteReceived", "context":{"id":"a7abffa3-1cfb-4fa6-90f9-20df9eb43afd", "isDeleted:":"true", "version":"1731420658337"}}
{"logTime": "1114/053530", "correlationVector":"wX6YlPGVcNSFgJ+wWNELAh.185","action":"GetUpdates", "result":"DeleteReceived", "context":{"id":"56026a87-ba13-4932-9b74-e45f28f88eb1", "isDeleted:":"true", "version":"1731420883728"}}
{"logTime": "1114/053530", "correlationVector":"wX6YlPGVcNSFgJ+wWNELAh.186","action":"GetUpdates", "result":"DeleteReceived", "context":{"id":"bb98015a-a514-4159-a0f9-bc552e420fa1", "isDeleted:":"true", "version":"1731421358941"}}
{"logTime": "1114/053530", "correlationVector":"wX6YlPGVcNSFgJ+wWNELAh.187","action":"GetUpdates", "result":"DeleteReceived", "context":{"id":"84946e80-11bf-4542-98cd-f913a7048378", "isDeleted:":"true", "version":"1731422806735"}}
{"logTime": "1114/053530", "correlationVector":"wX6YlPGVcNSFgJ+wWNELAh.188","action":"GetUpdates", "result":"DeleteReceived", "context":{"id":"238825ea-025a-43fc-a621-fd33eaafea54", "isDeleted:":"true", "version":"1731423033241"}}
{"logTime": "1114/053530", "correlationVector":"wX6YlPGVcNSFgJ+wWNELAh.189","action":"GetUpdates", "result":"DeleteReceived", "context":{"id":"77a75457-9ca4-4523-a74e-b2f4fbe99919", "isDeleted:":"true", "version":"1731423073552"}}
{"logTime": "1114/053530", "correlationVector":"wX6YlPGVcNSFgJ+wWNELAh.190","action":"GetUpdates", "result":"DeleteReceived", "context":{"id":"96a64a4f-72bb-47e3-8ac0-f3db6212b0a8", "isDeleted:":"true", "version":"1731423982313"}}
{"logTime": "1114/053530", "correlationVector":"wX6YlPGVcNSFgJ+wWNELAh.191","action":"GetUpdates", "result":"DeleteReceived", "context":{"id":"4a2b2c5b-5c87-4fa0-a6d3-fb4a108ba4b4", "isDeleted:":"true", "version":"1731424209600"}}
{"logTime": "1114/053530", "correlationVector":"wX6YlPGVcNSFgJ+wWNELAh.192","action":"GetUpdates", "result":"DeleteReceived", "context":{"id":"d0e40233-25e2-4487-8d5a-d0fc8bc57c9a", "isDeleted:":"true", "version":"1731089956369"}}
{"logTime": "1114/053530", "correlationVector":"wX6YlPGVcNSFgJ+wWNELAh.193","action":"GetUpdates", "result":"DeleteReceived", "context":{"id":"4a0fc23e-da86-4d9f-b3db-23fb2dd1fb59", "isDeleted:":"true", "version":"1731132278550"}}
{"logTime": "1114/053530", "correlationVector":"wX6YlPGVcNSFgJ+wWNELAh.194","action":"GetUpdates Response", "result":"Success", "context":Received 250 update(s). cV=wX6YlPGVcNSFgJ+wWNELAh.0;server=GENERAL01000004;cloudType=Consumer;environment=Prod_SoutheastAsia_000j;migrationStage=NotStarted Some updates remain.}
{"logTime": "1114/053530", "correlationVector":"aBTGrRg1qUSXvhMKHiBRJH","action":"Initial GetUpdates", "result":"", "context":Reason: NEWLY_SUPPORTED_DATATYPE. cV=aBTGrRg1qUSXvhMKHiBRJH}
{"logTime": "1114/053530", "correlationVector":"aBTGrRg1qUSXvhMKHiBRJH.1","action":"SyncServerConnectionManagerRequest", "result":"SYNC_SERVER_OK", "context":{"environment":"Prod_SoutheastAsia_000j", "migrationStage":"NotStarted", "server":"GENERAL0300001R"}}
{"logTime": "1114/053530", "correlationVector":"aBTGrRg1qUSXvhMKHiBRJH.2","action":"GetUpdates", "result":"DeleteReceived", "context":{"id":"6e7280bb-6362-415f-92b6-3acc4e9d6d28", "isDeleted:":"true", "version":"1731424373731"}}
{"logTime": "1114/053530", "correlationVector":"aBTGrRg1qUSXvhMKHiBRJH.3","action":"GetUpdates", "result":"DeleteReceived", "context":{"id":"9d2a5aff-8fe5-4bf9-87fb-4505f2385a75", "isDeleted:":"true", "version":"1731424469180"}}
{"logTime": "1114/053530", "correlationVector":"aBTGrRg1qUSXvhMKHiBRJH.4","action":"GetUpdates", "result":"DeleteReceived", "context":{"id":"91a411ad-5f79-48f7-9b86-ef7357ec3ea5", "isDeleted:":"true", "version":"1731429639476"}}
{"logTime": "1114/053530", "correlationVector":"aBTGrRg1qUSXvhMKHiBRJH.5","action":"GetUpdates", "result":"DeleteReceived", "context":{"id":"e3f74304-37a2-4307-b679-183f6f959bd6", "isDeleted:":"true", "version":"1731430484357"}}
{"logTime": "1114/053530", "correlationVector":"aBTGrRg1qUSXvhMKHiBRJH.6","action":"GetUpdates", "result":"DeleteReceived", "context":{"id":"aee4b36b-c1d4-498b-ab71-05dce3dea786", "isDeleted:":"true", "version":"1731430699450"}}
{"logTime": "1114/053530", "correlationVector":"aBTGrRg1qUSXvhMKHiBRJH.7","action":"GetUpdates", "result":"DeleteReceived", "context":{"id":"7baf697a-1033-47fd-abb6-65340be0c38c", "isDeleted:":"true", "version":"1731432270694"}}
{"logTime": "1114/053530", "correlationVector":"aBTGrRg1qUSXvhMKHiBRJH.8","action":"GetUpdates", "result":"DeleteReceived", "context":{"id":"cc86c465-1e3f-44a9-9543-f4ccb454cca1", "isDeleted:":"true", "version":"1731433620989"}}
{"logTime": "1114/053530", "correlationVector":"aBTGrRg1qUSXvhMKHiBRJH.9","action":"GetUpdates", "result":"DeleteReceived", "context":{"id":"607d5be5-6e22-45f5-8759-0c425281fb12", "isDeleted:":"true", "version":"1731433685402"}}
{"logTime": "1114/053530", "correlationVector":"aBTGrRg1qUSXvhMKHiBRJH.10","action":"GetUpdates", "result":"DeleteReceived", "context":{"id":"4cd565d7-cc67-4fad-ae2e-c80f2216e6f8", "isDeleted:":"true", "version":"1731439397977"}}
{"logTime": "1114/053530", "correlationVector":"aBTGrRg1qUSXvhMKHiBRJH.11","action":"GetUpdates", "result":"DeleteReceived", "context":{"id":"d07fee80-5ebb-4207-9100-d9ad8d78c875", "isDeleted:":"true", "version":"1731440201588"}}
{"logTime": "1114/053530", "correlationVector":"aBTGrRg1qUSXvhMKHiBRJH.12","action":"GetUpdates", "result":"DeleteReceived", "context":{"id":"54257aca-f023-43f2-9d6e-b99323ea1522", "isDeleted:":"true", "version":"1731442637230"}}
{"logTime": "1114/053530", "correlationVector":"aBTGrRg1qUSXvhMKHiBRJH.13","action":"GetUpdates", "result":"DeleteReceived", "context":{"id":"54b80a9d-77e2-4515-b9e6-938193f4efe5", "isDeleted:":"true", "version":"1731442637231"}}
{"logTime": "1114/053530", "correlationVector":"aBTGrRg1qUSXvhMKHiBRJH.14","action":"GetUpdates", "result":"DeleteReceived", "context":{"id":"1194a519-f510-409b-b640-9ac31f028799", "isDeleted:":"true", "version":"1731442637232"}}
{"logTime": "1114/053530", "correlationVector":"aBTGrRg1qUSXvhMKHiBRJH.15","action":"GetUpdates", "result":"DeleteReceived", "context":{"id":"ea94c740-5d25-4f72-b020-98dbaf1c5170", "isDeleted:":"true", "version":"1731442637233"}}
{"logTime": "1114/053530", "correlationVector":"aBTGrRg1qUSXvhMKHiBRJH.16","action":"GetUpdates", "result":"DeleteReceived", "context":{"id":"803ee563-d59b-4d42-9424-85aaaacbb550", "isDeleted:":"true", "version":"1731442679373"}}
{"logTime": "1114/053530", "correlationVector":"aBTGrRg1qUSXvhMKHiBRJH.17","action":"GetUpdates", "result":"DeleteReceived", "context":{"id":"68835481-6e09-41e9-a506-7f868332fc2e", "isDeleted:":"true", "version":"1731442679377"}}
{"logTime": "1114/053530", "correlationVector":"aBTGrRg1qUSXvhMKHiBRJH.18","action":"GetUpdates", "result":"DeleteReceived", "context":{"id":"a3afaddb-6669-4718-9d5f-f1f75a5edf3f", "isDeleted:":"true", "version":"1731470075519"}}
{"logTime": "1114/053530", "correlationVector":"aBTGrRg1qUSXvhMKHiBRJH.19","action":"GetUpdates", "result":"DeleteReceived", "context":{"id":"fea03ac8-5f9b-43e8-8f19-5bc6804a394c", "isDeleted:":"true", "version":"1731470075520"}}
{"logTime": "1114/053530", "correlationVector":"aBTGrRg1qUSXvhMKHiBRJH.20","action":"GetUpdates", "result":"DeleteReceived", "context":{"id":"5ff9fe03-bad5-4e14-957b-477bc3d06988", "isDeleted:":"true", "version":"1731470075522"}}
{"logTime": "1114/053530", "correlationVector":"aBTGrRg1qUSXvhMKHiBRJH.21","action":"GetUpdates", "result":"DeleteReceived", "context":{"id":"a1433102-b5dc-46d6-b4b9-285527f87ae7", "isDeleted:":"true", "version":"1731470084811"}}
{"logTime": "1114/053530", "correlationVector":"aBTGrRg1qUSXvhMKHiBRJH.22","action":"GetUpdates", "result":"DeleteReceived", "context":{"id":"191fec65-3136-49f7-aba6-d624689cbaea", "isDeleted:":"true", "version":"1731478026529"}}
{"logTime": "1114/053530", "correlationVector":"aBTGrRg1qUSXvhMKHiBRJH.23","action":"GetUpdates", "result":"DeleteReceived", "context":{"id":"fbdcb238-a454-408d-bc3c-bd0ed4e44b49", "isDeleted:":"true", "version":"1731478307571"}}
{"logTime": "1114/053530", "correlationVector":"aBTGrRg1qUSXvhMKHiBRJH.24","action":"GetUpdates", "result":"DeleteReceived", "context":{"id":"851d1176-bfeb-4a9f-ba00-09e9b7592e1b", "isDeleted:":"true", "version":"1731507069925"}}
{"logTime": "1114/053530", "correlationVector":"aBTGrRg1qUSXvhMKHiBRJH.25","action":"GetUpdates", "result":"DeleteReceived", "context":{"id":"857738b8-997c-494a-8bad-c8084d100d21", "isDeleted:":"true", "version":"1731507069926"}}
{"logTime": "1114/053530", "correlationVector":"aBTGrRg1qUSXvhMKHiBRJH.26","action":"GetUpdates", "result":"DeleteReceived", "context":{"id":"d82caaf1-1dfe-4dfc-b3ab-fb0867f3ba54", "isDeleted:":"true", "version":"1731507069927"}}
{"logTime": "1114/053530", "correlationVector":"aBTGrRg1qUSXvhMKHiBRJH.27","action":"GetUpdates", "result":"DeleteReceived", "context":{"id":"c4ffaaa8-1df9-4083-8d0c-67f591bc2681", "isDeleted:":"true", "version":"1731507069929"}}
{"logTime": "1114/053530", "correlationVector":"aBTGrRg1qUSXvhMKHiBRJH.28","action":"GetUpdates", "result":"DeleteReceived", "context":{"id":"2d5b59aa-7a0c-4b4b-81c3-5600b6ccb558", "isDeleted:":"true", "version":"1731507069931"}}
{"logTime": "1114/053530", "correlationVector":"aBTGrRg1qUSXvhMKHiBRJH.29","action":"GetUpdates", "result":"DeleteReceived", "context":{"id":"e2bf6cc8-3b2b-43e6-bf70-976008e0ea41", "isDeleted:":"true", "version":"1731507199579"}}
{"logTime": "1114/053530", "correlationVector":"aBTGrRg1qUSXvhMKHiBRJH.30","action":"GetUpdates", "result":"DeleteReceived", "context":{"id":"902e18b9-5b52-4b65-8bc1-71e51feb92fb", "isDeleted:":"true", "version":"1731507343693"}}
{"logTime": "1114/053530", "correlationVector":"aBTGrRg1qUSXvhMKHiBRJH.31","action":"GetUpdates", "result":"DeleteReceived", "context":{"id":"e2e6837d-eca9-4044-9483-466360f03632", "isDeleted:":"true", "version":"1731507343694"}}
{"logTime": "1114/053530", "correlationVector":"aBTGrRg1qUSXvhMKHiBRJH.32","action":"GetUpdates", "result":"DeleteReceived", "context":{"id":"96ae18e2-cf74-48c7-9285-bde782f75133", "isDeleted:":"true", "version":"1731507343695"}}
{"logTime": "1114/053530", "correlationVector":"aBTGrRg1qUSXvhMKHiBRJH.33","action":"GetUpdates", "result":"DeleteReceived", "context":{"id":"55ae4a00-9696-42b4-87b3-bdad11ee1c49", "isDeleted:":"true", "version":"1731507477381"}}
{"logTime": "1114/053530", "correlationVector":"aBTGrRg1qUSXvhMKHiBRJH.34","action":"GetUpdates", "result":"DeleteReceived", "context":{"id":"88f768c0-41a8-42f6-96a5-29831fbbcd7b", "isDeleted:":"true", "version":"1731508678878"}}
{"logTime": "1114/053530", "correlationVector":"aBTGrRg1qUSXvhMKHiBRJH.35","action":"GetUpdates", "result":"DeleteReceived", "context":{"id":"880c6b74-0224-4588-8687-21a18a7dd9e8", "isDeleted:":"true", "version":"1731509348302"}}
{"logTime": "1114/053530", "correlationVector":"aBTGrRg1qUSXvhMKHiBRJH.36","action":"GetUpdates", "result":"DeleteReceived", "context":{"id":"42664f6f-a0ab-45b6-8969-de46d74a7806", "isDeleted:":"true", "version":"1731509478589"}}
{"logTime": "1114/053530", "correlationVector":"aBTGrRg1qUSXvhMKHiBRJH.37","action":"GetUpdates", "result":"DeleteReceived", "context":{"id":"3837e185-c0c1-42a8-9a03-f9301c1c4420", "isDeleted:":"true", "version":"1731515232913"}}
{"logTime": "1114/053530", "correlationVector":"aBTGrRg1qUSXvhMKHiBRJH.38","action":"GetUpdates", "result":"DeleteReceived", "context":{"id":"6a3a650f-91f6-455a-9171-4fbfe5182066", "isDeleted:":"true", "version":"1731515436502"}}
{"logTime": "1114/053530", "correlationVector":"aBTGrRg1qUSXvhMKHiBRJH.39","action":"GetUpdates Response", "result":"Success", "context":Received 50 update(s). cV=aBTGrRg1qUSXvhMKHiBRJH.0;server=GENERAL0300001R;cloudType=Consumer;environment=Prod_SoutheastAsia_000j;migrationStage=NotStarted}
{"logTime": "1114/053531", "correlationVector":"hfxwl3uhBHlN3xR6VFQSiT","action":"Normal GetUpdate request", "result":"", "context":cV=hfxwl3uhBHlN3xR6VFQSiT
Nudged types: Sessions, Device Info, User Consents
Refresh requested types: Bookmarks, Preferences, Passwords, Autofill Profiles, Autofill, Typed URLs, Extensions, Sessions, Extension settings, History Delete Directives, Device Info, User Consents, Send Tab To Self, Web Apps, Collection, Edge E Drop, Edge Hub App Usage, Edge Tab Group, Edge Wallet, Encryption Keys}
{"logTime": "1114/053531", "correlationVector":"hfxwl3uhBHlN3xR6VFQSiT.1","action":"SyncServerConnectionManagerRequest", "result":"SYNC_SERVER_OK", "context":{"environment":"Prod_SoutheastAsia_000j", "migrationStage":"NotStarted", "server":"GENERAL0100001G"}}
{"logTime": "1114/053531", "correlationVector":"hfxwl3uhBHlN3xR6VFQSiT.2","action":"GetUpdates Response", "result":"Success", "context":Received 0 update(s). cV=hfxwl3uhBHlN3xR6VFQSiT.0;server=GENERAL0100001G;cloudType=Consumer;environment=Prod_SoutheastAsia_000j;migrationStage=NotStarted}
{"logTime": "1114/053531", "correlationVector":"Zd4xszNIqCcXfR06RndbLB","action":"Commit Request", "result":"", "context":Item count: 11
Contributing types: Typed URLs, Sessions, Device Info, User Consents}
{"logTime": "1114/053533", "correlationVector":"Zd4xszNIqCcXfR06RndbLB.1","action":"SyncServerConnectionManagerRequest", "result":"SYNC_SERVER_OK", "context":{"environment":"Prod_SoutheastAsia_000j", "migrationStage":"NotStarted", "server":"GENERAL0300001C"}}
{"logTime": "1114/053533", "correlationVector":"Zd4xszNIqCcXfR06RndbLB.2","action":"Commit Response", "result":"Success", "context":Result: Success. cV=Zd4xszNIqCcXfR06RndbLB.0;server=GENERAL0300001C;cloudType=Consumer;environment=Prod_SoutheastAsia_000j;migrationStage=NotStarted}
{"logTime": "1114/053533", "correlationVector":"OnZNg+iBcv5y5vRFONb/on","action":"Normal GetUpdate request", "result":"", "context":cV=OnZNg+iBcv5y5vRFONb/on
Nudged types: Typed URLs, Sessions, Device Info}
{"logTime": "1114/053536", "correlationVector":"OnZNg+iBcv5y5vRFONb/on.1","action":"SyncServerConnectionManagerRequest", "result":"SYNC_SERVER_OK", "context":{"environment":"Prod_SoutheastAsia_000j", "migrationStage":"NotStarted", "server":"GENERAL0100001H"}}
{"logTime": "1114/053536", "correlationVector":"OnZNg+iBcv5y5vRFONb/on.2","action":"GetUpdates Response", "result":"Success", "context":Received 9 update(s). cV=OnZNg+iBcv5y5vRFONb/on.0;server=GENERAL0100001H;cloudType=Consumer;environment=Prod_SoutheastAsia_000j;migrationStage=NotStarted}
{"logTime": "1114/053536", "correlationVector":"ukXVi9OGXaD7l8vy9EqS7l","action":"DoCompareDataConsistency requsted types: ", "result":"Bookmarks, Preferences, Passwords, Typed URLs, Extensions, Extension settings, History Delete Directives, Send Tab To Self, Web Apps, Collection, Edge E Drop, Edge Tab Group, Edge Wallet, Encryption Keys"}
{"logTime": "1114/053536", "correlationVector":"ukXVi9OGXaD7l8vy9EqS7l.0","action":"CompareDataConsistency result: ", "result":"Compare result: Encryption Keys is consistent. local entities count is: 1 local entities hash is: RobN8wztvrwuJF/vBbXfGrZmA9M="}
{"logTime": "1114/053536", "correlationVector":"ukXVi9OGXaD7l8vy9EqS7l.1","action":"CompareDataConsistency result: ", "result":"Compare result: Bookmarks is consistent. local entities count is: 207 local entities hash is: zw4/2cyeCcrO4CpU4CE55cpJKs8="}
{"logTime": "1114/053536", "correlationVector":"ukXVi9OGXaD7l8vy9EqS7l.2","action":"CompareDataConsistency result: ", "result":"Compare result: Preferences is consistent. local entities count is: 99 local entities hash is: 3+sAOTfVcEBQaT2I8sZxFsLM52s="}
{"logTime": "1114/053536", "correlationVector":"ukXVi9OGXaD7l8vy9EqS7l.3","action":"CompareDataConsistency result: ", "result":"Server did not send this Typed URLs local entities count is: 92 local entities hash is: i+368eAyU6RlyGWAGsDn3krM8Xc="}
{"logTime": "1114/053536", "correlationVector":"ukXVi9OGXaD7l8vy9EqS7l.4","action":"CompareDataConsistency result: ", "result":"Compare result: Extensions is consistent. local entities count is: 4 local entities hash is: MzaV7VAoutd18A4h+T+TUjA9tCw="}
{"logTime": "1114/053536", "correlationVector":"ukXVi9OGXaD7l8vy9EqS7l.5","action":"CompareDataConsistency result: ", "result":"Compare result: Extension settings is consistent. local entities count is: 0 local entities hash is: "}
{"logTime": "1114/053536", "correlationVector":"ukXVi9OGXaD7l8vy9EqS7l.6","action":"CompareDataConsistency result: ", "result":"Compare result: History Delete Directives is consistent. local entities count is: 0 local entities hash is: "}
{"logTime": "1114/053536", "correlationVector":"ukXVi9OGXaD7l8vy9EqS7l.7","action":"CompareDataConsistency result: ", "result":"Server did not send this Send Tab To Self local entities count is: 1 local entities hash is: hhdOYsNrrK6tj+BSlQ9YMDgSvQQ="}
{"logTime": "1114/053536", "correlationVector":"ukXVi9OGXaD7l8vy9EqS7l.8","action":"CompareDataConsistency result: ", "result":"Compare result: Web Apps is consistent. local entities count is: 1 local entities hash is: kA/2E9KhNUTCpn/0g4QeThow1Xg="}
{"logTime": "1114/053536", "correlationVector":"ukXVi9OGXaD7l8vy9EqS7l.9","action":"CompareDataConsistency result: ", "result":"Compare result: Collection is consistent. local entities count is: 0 local entities hash is: "}
{"logTime": "1114/053536", "correlationVector":"ukXVi9OGXaD7l8vy9EqS7l.10","action":"CompareDataConsistency result: ", "result":"Compare result: Edge E Drop is consistent. local entities count is: 0 local entities hash is: "}
{"logTime": "1114/053536", "correlationVector":"ukXVi9OGXaD7l8vy9EqS7l.11","action":"CompareDataConsistency result: ", "result":"Compare result: Edge Tab Group is consistent. local entities count is: 2 local entities hash is: o7gJ0b/y07hXnFzR4dUj0N7F+Pc="}
{"logTime": "1114/053536", "correlationVector":"ukXVi9OGXaD7l8vy9EqS7l.12","action":"CompareDataConsistency result: ", "result":"Compare result: Edge Wallet is consistent. local entities count is: 0 local entities hash is: "}
{"logTime": "1114/053536", "correlationVector":"ukXVi9OGXaD7l8vy9EqS7l.13","action":"CompareDataConsistency result: ", "result":"Compare result: Passwords is consistent. local entities count is: 215 local entities hash is: xoaU/GuYSAVsQRrn5eU2fcHZL9E="}
{"logTime": "1114/053536", "correlationVector":"","action":"DIAGNOSTIC_REQUEST|v1/diagnosticData/Diagnostic.SendCheckResult()|SUCCESS", "result":""}
{"logTime": "1114/053704", "correlationVector":"ywEwP39/2DYbcHmNv9F/WX","action":"Commit Request", "result":"", "context":Item count: 40
Contributing types: Passwords}
{"logTime": "1114/053707", "correlationVector":"ywEwP39/2DYbcHmNv9F/WX.1","action":"SyncServerConnectionManagerRequest", "result":"SYNC_SERVER_OK", "context":{"environment":"Prod_SoutheastAsia_000j", "migrationStage":"NotStarted", "server":"GENERAL01000014"}}
{"logTime": "1114/053707", "correlationVector":"ywEwP39/2DYbcHmNv9F/WX.2","action":"Commit Response", "result":"Success", "context":Result: Success. cV=ywEwP39/2DYbcHmNv9F/WX.0;server=GENERAL01000014;cloudType=Consumer;environment=Prod_SoutheastAsia_000j;migrationStage=NotStarted}
{"logTime": "1114/053707", "correlationVector":"Nz6KxD98l0oEjI6OaOuTgz","action":"Commit Request", "result":"", "context":Item count: 40
Contributing types: Passwords}
{"logTime": "1114/053709", "correlationVector":"Nz6KxD98l0oEjI6OaOuTgz.1","action":"SyncServerConnectionManagerRequest", "result":"SYNC_SERVER_OK", "context":{"environment":"Prod_SoutheastAsia_000j", "migrationStage":"NotStarted", "server":"GENERAL01000018"}}
{"logTime": "1114/053709", "correlationVector":"Nz6KxD98l0oEjI6OaOuTgz.2","action":"Commit Response", "result":"Success", "context":Result: Success. cV=Nz6KxD98l0oEjI6OaOuTgz.0;server=GENERAL01000018;cloudType=Consumer;environment=Prod_SoutheastAsia_000j;migrationStage=NotStarted}
{"logTime": "1114/053709", "correlationVector":"cendS9HdT1RZUjZRib3+Cj","action":"Commit Request", "result":"", "context":Item count: 20
Contributing types: Preferences, Passwords}
{"logTime": "1114/053711", "correlationVector":"cendS9HdT1RZUjZRib3+Cj","action":"SyncServerConnectionManagerRequest", "result":"CONNECTION_UNAVAILABLE", "context":{"error_type":"net_error_code", "error_value":"-3"}}
